[0mGET / [32m200[0m 61.099 ms - 18143[0m
[0mGET /images/meeting_logo.png [33m404[0m 9.022 ms - 162[0m
[0mGET /images/discussion_logo.png [33m404[0m 11.110 ms - 165[0m
[0mGET /images/online_image.png [33m404[0m 10.753 ms - 162[0m
[0mGET /images/3-min.png [33m404[0m 12.025 ms - 155[0m
[0mGET /images/1-min.png [33m404[0m 12.604 ms - 155[0m
[0mGET /images/2-min.png [33m404[0m 12.556 ms - 155[0m
[0mGET /img/svg/arrow_left.svg [33m404[0m 20.026 ms - 161[0m
[0mGET /img/svg/arrow_right.svg [33m404[0m 21.774 ms - 162[0m
[0mGET /images/contact_bg2.svg [33m404[0m 22.984 ms - 161[0m
[0mGET /images/BN.svg [33m404[0m 6.421 ms - 152[0m
[0mGET /users/signIn [36m302[0m 11.953 ms - 46[0m
[0mGET / [36m304[0m 10.251 ms - -[0m
[0mGET /images/meeting_logo.png [33m404[0m 12.167 ms - 162[0m
[0mGET /images/discussion_logo.png [33m404[0m 14.529 ms - 165[0m
[0mGET /images/online_image.png [33m404[0m 11.587 ms - 162[0m
[0mGET /images/3-min.png [33m404[0m 11.053 ms - 155[0m
[0mGET /images/1-min.png [33m404[0m 12.037 ms - 155[0m
[0mGET /images/2-min.png [33m404[0m 15.978 ms - 155[0m
[0mGET /img/svg/arrow_left.svg [33m404[0m 9.252 ms - 161[0m
[0mGET /img/svg/arrow_right.svg [33m404[0m 9.724 ms - 162[0m
[0mGET /images/contact_bg2.svg [33m404[0m 6.729 ms - 161[0m
[0mGET / [32m200[0m 6.857 ms - 18143[0m
[0mGET /images/meeting_logo.png [33m404[0m 9.283 ms - 162[0m
[0mGET /images/discussion_logo.png [33m404[0m 7.594 ms - 165[0m
[0mGET /images/online_image.png [33m404[0m 12.389 ms - 162[0m
[0mGET /images/3-min.png [33m404[0m 21.912 ms - 155[0m
[0mGET /images/1-min.png [33m404[0m 20.510 ms - 155[0m
[0mGET /img/svg/arrow_left.svg [33m404[0m 10.721 ms - 161[0m
[0mGET /img/svg/arrow_right.svg [33m404[0m 14.081 ms - 162[0m
[0mGET /images/contact_bg2.svg [33m404[0m 13.050 ms - 161[0m
[0mGET /images/BN.svg [33m404[0m 6.381 ms - 152[0m
[0mGET / [32m200[0m 17.416 ms - 18143[0m
[0mGET /images/meeting_logo.png [33m404[0m 9.867 ms - 162[0m
[0mGET /images/discussion_logo.png [33m404[0m 17.705 ms - 165[0m
[0mGET /images/online_image.png [33m404[0m 32.719 ms - 162[0m
[0mGET /images/3-min.png [33m404[0m 50.307 ms - 155[0m
[0mGET /images/2-min.png [33m404[0m 36.734 ms - 155[0m
[0mGET /img/svg/arrow_left.svg [33m404[0m 13.864 ms - 161[0m
[0mGET /img/svg/arrow_right.svg [33m404[0m 15.861 ms - 162[0m
[0mGET / [32m200[0m 10.322 ms - 18143[0m
[0mGET /images/meeting_logo.png [33m404[0m 30.126 ms - 162[0m
[0mGET /images/discussion_logo.png [33m404[0m 28.083 ms - 165[0m
[0mGET /images/2-min.png [33m404[0m 59.172 ms - 155[0m
[0mGET /images/1-min.png [33m404[0m 64.454 ms - 155[0m
[0mGET /img/svg/arrow_left.svg [33m404[0m 12.512 ms - 161[0m
[0mGET /img/svg/arrow_right.svg [33m404[0m 18.561 ms - 162[0m
[0mGET /images/contact_bg2.svg [33m404[0m 15.407 ms - 161[0m
[0mGET / [32m200[0m 16.366 ms - 18143[0m
[0mGET /images/meeting_logo.png [33m404[0m 13.563 ms - 162[0m
[0mGET /images/discussion_logo.png [33m404[0m 51.782 ms - 165[0m
[0mGET /images/online_image.png [33m404[0m 66.085 ms - 162[0m
[0mGET /images/3-min.png [33m404[0m 40.193 ms - 155[0m
[0mGET /images/2-min.png [33m404[0m 37.736 ms - 155[0m
[0mGET /img/svg/arrow_left.svg [33m404[0m 12.626 ms - 161[0m
[0mGET /img/svg/arrow_right.svg [33m404[0m 14.008 ms - 162[0m
[0mGET /images/contact_bg2.svg [33m404[0m 14.301 ms - 161[0m
[0mGET / [32m200[0m 16.942 ms - 18361[0m
[0mGET /images/meeting_logo.png [33m404[0m 7.638 ms - 162[0m
[0mGET /images/discussion_logo.png [33m404[0m 12.604 ms - 165[0m
[0mGET /images/3-min.png [33m404[0m 3.230 ms - 155[0m
[0mGET /images/1-min.png [33m404[0m 7.047 ms - 155[0m
[0mGET /images/2-min.png [33m404[0m 7.918 ms - 155[0m
[0mGET /img/svg/arrow_left.svg [33m404[0m 10.646 ms - 161[0m
[0mGET /img/svg/arrow_right.svg [33m404[0m 10.662 ms - 162[0m
[0mGET /users/signIn [32m200[0m 9.976 ms - 3550[0m
[0mGET /users/signUp [32m200[0m 16.792 ms - 5309[0m
[0mGET /users/signIn [36m304[0m 10.653 ms - -[0m
[0mGET /users/forgotPasswordEnterMail [32m200[0m 15.557 ms - 2333[0m
[0mPOST /users/reset-password [36m302[0m 7.542 ms - 146[0m
[0mGET /users/forgotPasswordEnterMail [32m200[0m 5.661 ms - 2553[0m
[0mGET / [31m500[0m 37.128 ms - 2268[0m
[0mGET / [31m500[0m 30.014 ms - 2268[0m
[0mGET / [31m500[0m 13.604 ms - 2268[0m
[0mGET / [31m500[0m 9.649 ms - 2268[0m
[0mGET / [31m500[0m 17.415 ms - 2268[0m
[0mGET / [31m500[0m 5.396 ms - 2268[0m
[0mGET / [32m200[0m 30.975 ms - 18360[0m
[0mGET /images/meeting_logo.png [33m404[0m 45.600 ms - 162[0m
[0mGET /images/discussion_logo.png [33m404[0m 8.256 ms - 165[0m
[0mGET /images/2-min.png [33m404[0m 25.313 ms - 155[0m
[0mGET /images/3-min.png [33m404[0m 31.165 ms - 155[0m
[0mGET /img/svg/arrow_left.svg [33m404[0m 8.447 ms - 161[0m
[0mGET /img/svg/arrow_right.svg [33m404[0m 10.419 ms - 162[0m
[0mGET /images/contact_bg2.svg [33m404[0m 5.675 ms - 161[0m
[0mGET /users/signIn [36m304[0m 11.716 ms - -[0m
[0mPOST /users/create_session [36m302[0m 13.945 ms - 70[0m
[0mGET /users/signIn [32m200[0m 3.763 ms - 3758[0m
[0mGET /users/auth/google [36m302[0m 9.389 ms - 0[0m
[0mGET /users/auth/google/callback?code=4%2F0AX4XfWiurPRvqvlvMRT1t1ewKUmS8fdstAQGhR7iaV5MhqKF4mf048M7lxidavuHyF32aw&scope=email+profile+https%3A%2F%2Fwww.googleapis.com%2Fauth%2Fuserinfo.profile+https%3A%2F%2Fwww.googleapis.com%2Fauth%2Fuserinfo.email+openid&authuser=0&prompt=consent [36m302[0m 1101.801 ms - 46[0m
[0mGET / [32m200[0m 17.666 ms - 18143[0m
[0mGET /images/meeting_logo.png [33m404[0m 26.237 ms - 162[0m
[0mGET /images/discussion_logo.png [33m404[0m 36.104 ms - 165[0m
[0mGET /images/3-min.png [33m404[0m 36.561 ms - 155[0m
[0mGET /images/1-min.png [33m404[0m 41.237 ms - 155[0m
[0mGET /img/svg/arrow_left.svg [33m404[0m 12.907 ms - 161[0m
[0mGET /img/svg/arrow_right.svg [33m404[0m 14.783 ms - 162[0m
[0mGET /images/contact_bg2.svg [33m404[0m 16.098 ms - 161[0m
[0mGET / [32m200[0m 46.909 ms - 18143[0m
[0mGET /images/meeting_logo.png [33m404[0m 11.925 ms - 162[0m
[0mGET /images/discussion_logo.png [33m404[0m 15.081 ms - 165[0m
[0mGET /images/online_image.png [33m404[0m 26.381 ms - 162[0m
[0mGET /images/3-min.png [33m404[0m 25.855 ms - 155[0m
[0mGET /img/svg/arrow_left.svg [33m404[0m 13.144 ms - 161[0m
[0mGET /img/svg/arrow_right.svg [33m404[0m 14.272 ms - 162[0m
[0mGET /images/contact_bg2.svg [33m404[0m 14.522 ms - 161[0m
[0mGET / [32m200[0m 17.562 ms - 17497[0m
[0mGET /images/meeting_logo.png [33m404[0m 40.843 ms - 162[0m
[0mGET /images/discussion_logo.png [33m404[0m 30.343 ms - 165[0m
[0mGET /img/svg/arrow_left.svg [33m404[0m 14.013 ms - 161[0m
[0mGET /img/svg/arrow_right.svg [33m404[0m 14.966 ms - 162[0m
[0mGET / [32m200[0m 15.085 ms - 17561[0m
[0mGET /images/meeting_logo.png [33m404[0m 28.239 ms - 162[0m
[0mGET /images/discussion_logo.png [33m404[0m 28.372 ms - 165[0m
[0mGET /images/3-min.png [33m404[0m 27.909 ms - 155[0m
[0mGET /images/2-min.png [33m404[0m 25.808 ms - 155[0m
[0mGET /img/svg/arrow_left.svg [33m404[0m 12.196 ms - 161[0m
[0mGET /img/svg/arrow_right.svg [33m404[0m 12.390 ms - 162[0m
[0mGET /users/SignOut [36m302[0m 20.116 ms - 46[0m
[0mGET / [32m200[0m 10.108 ms - 17808[0m
[0mGET /images/meeting_logo.png [33m404[0m 7.753 ms - 162[0m
[0mGET /images/discussion_logo.png [33m404[0m 9.014 ms - 165[0m
[0mGET /images/3-min.png [33m404[0m 8.931 ms - 155[0m
[0mGET /images/1-min.png [33m404[0m 3.837 ms - 155[0m
[0mGET /images/2-min.png [33m404[0m 4.978 ms - 155[0m
[0mGET /img/svg/arrow_left.svg [33m404[0m 7.702 ms - 161[0m
[0mGET /img/svg/arrow_right.svg [33m404[0m 7.758 ms - 162[0m
[0mGET /images/contact_bg2.svg [33m404[0m 4.076 ms - 161[0m
[0mGET /users/signIn [32m200[0m 17.111 ms - 3550[0m
[0mPOST /users/create_session [36m302[0m 6.890 ms - 70[0m
[0mGET /users/signIn [32m200[0m 5.085 ms - 3758[0m
[0mGET /users/forgotPasswordEnterMail [32m200[0m 11.073 ms - 2333[0m
[0mPOST /users/create_session [36m302[0m 7.940 ms - 70[0m
[0mGET /users/signIn [36m304[0m 3.240 ms - -[0m
[0mGET /users/auth/google [36m302[0m 16.316 ms - 0[0m
[0mGET /users/auth/google/callback?code=4%2F0AX4XfWj6ZlT9sFdiMn_xDGCMfwpK5uaW0UaW9mgkN3sNX6WNPCQXKy4nV3M-W-9r4OVWXg&scope=email+profile+https%3A%2F%2Fwww.googleapis.com%2Fauth%2Fuserinfo.profile+https%3A%2F%2Fwww.googleapis.com%2Fauth%2Fuserinfo.email+openid&authuser=0&prompt=consent [36m302[0m 969.232 ms - 46[0m
[0mGET / [32m200[0m 15.503 ms - 17561[0m
[0mGET /images/meeting_logo.png [33m404[0m 23.244 ms - 162[0m
[0mGET /images/discussion_logo.png [33m404[0m 28.600 ms - 165[0m
[0mGET /images/3-min.png [33m404[0m 28.905 ms - 155[0m
[0mGET /img/svg/arrow_left.svg [33m404[0m 16.777 ms - 161[0m
[0mGET /img/svg/arrow_right.svg [33m404[0m 16.912 ms - 162[0m
[0mGET /images/contact_bg2.svg [33m404[0m 13.743 ms - 161[0m
[0mGET / [36m304[0m 102.406 ms - -[0m
[0mGET /images/meeting_logo.png [33m404[0m 12.683 ms - 162[0m
[0mGET /images/discussion_logo.png [33m404[0m 8.278 ms - 165[0m
[0mGET /images/online_image.png [33m404[0m 9.346 ms - 162[0m
[0mGET /images/3-min.png [33m404[0m 6.585 ms - 155[0m
[0mGET /images/1-min.png [33m404[0m 16.145 ms - 155[0m
[0mGET /images/2-min.png [33m404[0m 6.073 ms - 155[0m
[0mGET /img/svg/arrow_left.svg [33m404[0m 22.539 ms - 161[0m
[0mGET /img/svg/arrow_right.svg [33m404[0m 22.544 ms - 162[0m
[0mGET /images/contact_bg2.svg [33m404[0m 23.820 ms - 161[0m
[0mGET / [32m200[0m 30.025 ms - 5821[0m
[0mGET / [36m304[0m 19.665 ms - -[0m
[0mGET / [36m304[0m 6.971 ms - -[0m
[0mGET /users/signIn [32m200[0m 15.590 ms - 3550[0m
[0mGET /users/auth/google [36m302[0m 15.046 ms - 0[0m
[0mGET /users/auth/google/callback?code=4%2F0AX4XfWiU63j-A0BO-4eWDZgzo1cbUrN7paF3I--jbervOrTi4hY8hcqY0f87vsr846Z-6w&scope=email+profile+https%3A%2F%2Fwww.googleapis.com%2Fauth%2Fuserinfo.profile+https%3A%2F%2Fwww.googleapis.com%2Fauth%2Fuserinfo.email+openid&authuser=0&prompt=consent [36m302[0m 997.504 ms - 46[0m
[0mGET / [32m200[0m 12.013 ms - 5813[0m
[0mGET / [36m304[0m 12.574 ms - -[0m
[0mGET / [32m200[0m 13.880 ms - 5542[0m
[0mGET / [36m304[0m 10.847 ms - -[0m
[0mGET / [32m200[0m 13.373 ms - 5813[0m
[0mGET / [32m200[0m 6.159 ms - 5864[0m
[0mGET / [32m200[0m 8.936 ms - 5503[0m
[0mGET / [32m200[0m 10.583 ms - 5440[0m
[0mGET / [36m304[0m 16.135 ms - -[0m
[0mGET / [36m304[0m 8.946 ms - -[0m
[0mGET /users/SignOut [36m302[0m 13.833 ms - 46[0m
[0mGET / [32m200[0m 7.582 ms - 5651[0m
[0mGET / [32m200[0m 10.768 ms - 5448[0m
[0mGET / [36m304[0m 14.614 ms - -[0m
[0mGET /users/signIn [36m304[0m 9.567 ms - -[0m
[0mGET /users/auth/google [36m302[0m 4.911 ms - 0[0m
[0mGET /users/auth/google/callback?code=4%2F0AX4XfWgKivtWoftBK2Oc9-4_FFk3RUIKHj86WAStnvITLVF7Rzc_v2BvuG6cG-3IDcdr3A&scope=email+profile+https%3A%2F%2Fwww.googleapis.com%2Fauth%2Fuserinfo.profile+https%3A%2F%2Fwww.googleapis.com%2Fauth%2Fuserinfo.email+openid&authuser=0&prompt=consent [36m302[0m 956.846 ms - 46[0m
[0mGET / [32m200[0m 12.800 ms - 5440[0m
[0mGET / [36m304[0m 14.981 ms - -[0m
[0mGET / [32m200[0m 10.862 ms - 7856[0m
[0mGET /users/SignOut [36m302[0m 11.365 ms - 46[0m
[0mGET / [32m200[0m 8.999 ms - 3206[0m
[0mGET /users/signIn [36m304[0m 6.420 ms - -[0m
[0mPOST /users/create_session [36m302[0m 5.868 ms - 70[0m
[0mGET /users/signIn [32m200[0m 4.291 ms - 3758[0m
[0mGET /users/auth/google [36m302[0m 3.899 ms - 0[0m
[0mGET /users/auth/google/callback?code=4%2F0AX4XfWjsSFErWncvy7nxep_M-xYVPp6jRfc3g-rwiZuqs6HkUHrDfQVeRNJ7gZiFpHB5bg&scope=email+profile+https%3A%2F%2Fwww.googleapis.com%2Fauth%2Fuserinfo.profile+https%3A%2F%2Fwww.googleapis.com%2Fauth%2Fuserinfo.email+openid&authuser=0&prompt=consent [36m302[0m 971.448 ms - 46[0m
[0mGET / [32m200[0m 13.445 ms - 7856[0m
[0mGET /css/mdb.min.css.map [33m404[0m 4.799 ms - 158[0m
[0mGET / [36m304[0m 9.732 ms - -[0m
[0mGET /css/mdb.min.css.map [33m404[0m 6.741 ms - 158[0m
[0mGET / [32m200[0m 10.965 ms - 7669[0m
[0mGET / [32m200[0m 10.182 ms - 7811[0m
[0mGET / [32m200[0m 8.835 ms - 7825[0m
[0mGET /css/mdb.min.css.map [33m404[0m 7.609 ms - 158[0m
[0mGET / [32m200[0m 13.477 ms - 7726[0m
[0mGET /css/mdb.min.css.map [33m404[0m 4.853 ms - 158[0m
[0mGET / [32m200[0m 5.071 ms - 7692[0m
[0mGET / [32m200[0m 9.552 ms - 7702[0m
[0mGET / [32m200[0m 14.017 ms - 7679[0m
[0mGET / [32m200[0m 13.374 ms - 7672[0m
[0mPOST / [33m404[0m 5.637 ms - 140[0m
[0mGET / [32m200[0m 12.736 ms - 7669[0m
[0mGET / [32m200[0m 10.307 ms - 8439[0m
[0mGET / [32m200[0m 14.102 ms - 8435[0m
[0mGET / [32m200[0m 7.120 ms - 8853[0m
[0mGET /css/mdb.min.css.map [33m404[0m 5.287 ms - 158[0m
[0mGET / [36m304[0m 8.882 ms - -[0m
[0mGET /css/mdb.min.css.map [33m404[0m 5.996 ms - 158[0m
[0mGET / [32m200[0m 17.399 ms - 8541[0m
[0mGET /users/signUp [36m302[0m 5.493 ms - 72[0m
[0mGET /users/profile [33m404[0m 13.212 ms - 152[0m
[0mGET /signIn [33m404[0m 8.623 ms - 145[0m
[0mGET /users/SignOut [36m302[0m 14.243 ms - 46[0m
[0mGET / [32m200[0m 10.598 ms - 3206[0m
[0mGET / [32m200[0m 3.599 ms - 3003[0m
[0mGET /users/signIn [32m200[0m 7.599 ms - 3550[0m
[0mGET /users/auth/google [36m302[0m 10.136 ms - 0[0m
[0mGET /users/auth/google/callback?code=4%2F0AX4XfWhq7DM5W_Uec_EIQVy-ob7w0FGVjEKEx04x2vExir04Vw8PFAORwA3PhEjDFf0hlw&scope=email+profile+https%3A%2F%2Fwww.googleapis.com%2Fauth%2Fuserinfo.profile+https%3A%2F%2Fwww.googleapis.com%2Fauth%2Fuserinfo.email+openid&authuser=0&prompt=consent [36m302[0m 997.209 ms - 46[0m
[0mGET / [32m200[0m 16.156 ms - 8569[0m
[0mPOST /users/create-mail [32m200[0m 15.391 ms - 5309[0m
[0mPOST /users/create-mail [36m302[0m 55.816 ms - 46[0m
[0mGET / [32m200[0m 15.475 ms - 8783[0m
[0mPOST /users/create-mail [36m302[0m 60.568 ms - 46[0m
[0mGET / [36m304[0m 25.243 ms - -[0m
[0mPOST /users/create-mail [36m302[0m 38.179 ms - 46[0m
[0mGET / [36m304[0m 26.393 ms - -[0m
[0mPOST /users/create-mail [36m302[0m 38.921 ms - 46[0m
[0mGET / [36m304[0m 26.521 ms - -[0m
[0mPOST /users/create-mail [36m302[0m 36.963 ms - 46[0m
[0mGET / [36m304[0m 25.673 ms - -[0m
[0mGET / [32m200[0m 9.118 ms - 3003[0m
[0mGET /users/signIn [36m304[0m 11.800 ms - -[0m
[0mGET /users/auth/google [36m302[0m 15.853 ms - 0[0m
[0mGET /users/auth/google/callback?code=4%2F0AX4XfWhTf7CMJwGleCKoPQddkZo5TDhbnZmmbFtuNPKnt9mZKaRbjsU86fJuQHEYXdCepA&scope=email+profile+https%3A%2F%2Fwww.googleapis.com%2Fauth%2Fuserinfo.profile+https%3A%2F%2Fwww.googleapis.com%2Fauth%2Fuserinfo.email+openid&authuser=0&prompt=consent [36m302[0m 1261.121 ms - 46[0m
[0mGET / [32m200[0m 6.878 ms - 8569[0m
[0mPOST /users/create-mail [36m302[0m 48.115 ms - 46[0m
[0mGET / [32m200[0m 21.841 ms - 8783[0m
[0mPOST /users/create-mail [36m302[0m 41.677 ms - 46[0m
[0mGET / [36m304[0m 38.959 ms - -[0m
[0mPOST /users/create-mail [36m302[0m 42.833 ms - 46[0m
[0mGET / [36m304[0m 25.608 ms - -[0m
[0mPOST /users/create-mail [36m302[0m 48.975 ms - 46[0m
[0mGET / [36m304[0m 21.995 ms - -[0m
[0mPOST /users/create-mail [36m302[0m 38.128 ms - 46[0m
[0mGET / [36m304[0m 18.898 ms - -[0m
[0mPOST /users/create-mail [36m302[0m 43.288 ms - 46[0m
[0mGET / [36m304[0m 21.159 ms - -[0m
[0mPOST /users/create-mail [36m302[0m 50.239 ms - 46[0m
[0mGET / [36m304[0m 19.643 ms - -[0m
[0mPOST /users/create-mail [36m302[0m 38.636 ms - 46[0m
[0mGET / [36m304[0m 23.635 ms - -[0m
[0mPOST /users/create-mail [36m302[0m 41.199 ms - 46[0m
[0mGET / [36m304[0m 20.973 ms - -[0m
[0mPOST /users/create-mail [36m302[0m 41.168 ms - 46[0m
[0mGET / [36m304[0m 21.534 ms - -[0m
[0mGET / [32m200[0m 180.897 ms - 8569[0m
[0mPOST /users/create-mail [36m302[0m 52.594 ms - 46[0m
[0mGET / [32m200[0m 15.059 ms - 8783[0m
[0mPOST /users/create-mail [36m302[0m 38.330 ms - 46[0m
[0mGET / [36m304[0m 28.283 ms - -[0m
[0mGET / [32m200[0m 25.344 ms - 3003[0m
[0mGET /users/signIn [32m200[0m 14.867 ms - 3550[0m
[0mGET /users/auth/google [36m302[0m 7.435 ms - 0[0m
[0mGET /users/auth/google/callback?code=4%2F0AX4XfWieVva7c4R72k3ZqiY0tcx8V4U9PbR_5Xuy0XPVbBXVkK7KTREG8rPtvO61VivP2w&scope=email+profile+https%3A%2F%2Fwww.googleapis.com%2Fauth%2Fuserinfo.profile+https%3A%2F%2Fwww.googleapis.com%2Fauth%2Fuserinfo.email+openid&authuser=0&hd=iiitkota.ac.in&prompt=consent [36m302[0m 1049.931 ms - 46[0m
[0mGET / [32m200[0m 10.209 ms - 8569[0m
[0mPOST /users/create-mail [36m302[0m 8.893 ms - 46[0m
[0mGET / [32m200[0m 11.153 ms - 8783[0m
[0mGET / [32m200[0m 36.895 ms - 8569[0m
[0mPOST /users/create-mail [36m302[0m 23.213 ms - 46[0m
[0mGET / [32m200[0m 9.673 ms - 8783[0m
[0mGET / [32m200[0m 38.676 ms - 8822[0m
[0mPOST /users/create-mail [36m302[0m 27.066 ms - 46[0m
[0mGET / [32m200[0m 16.666 ms - 9036[0m
[0mGET / [32m200[0m 49.716 ms - 8822[0m
[0mPOST /users/create-mail [36m302[0m 20.880 ms - 46[0m
[0mGET / [32m200[0m 12.627 ms - 9036[0m
[0mGET / [32m200[0m 38.067 ms - 8822[0m
[0mPOST /users/create-mail [36m302[0m 22.952 ms - 46[0m
[0mGET / [32m200[0m 28.846 ms - 9036[0m
[0mGET / [32m200[0m 56.449 ms - 8822[0m
[0mPOST /users/create-mail [36m302[0m 25.954 ms - 46[0m
[0mGET / [32m200[0m 26.732 ms - 9036[0m
[0mGET / [32m200[0m 61.761 ms - 8822[0m
[0mGET / [36m304[0m 49.107 ms - -[0m
[0mGET /users/SignOut [36m302[0m 25.933 ms - 46[0m
[0mGET / [32m200[0m 43.410 ms - 3207[0m
[0mGET / [32m200[0m 43.163 ms - 3003[0m
[0mGET /users/signIn [36m304[0m 7.613 ms - -[0m
[0mGET /users/signIn [36m304[0m 15.858 ms - -[0m
[0mGET / [36m304[0m 9.398 ms - -[0m
[0mGET /users/signIn [36m304[0m 8.743 ms - -[0m
[0mGET /users/auth/google [36m302[0m 17.845 ms - 0[0m
[0mGET /users/auth/google/callback?code=4%2F0AX4XfWgK-JnBauRxjSKEx_ZgzMJQjOSZ-aWhnqjjavVAxZ8IYdxHTvgInTTI0PporXccdQ&scope=email+profile+https%3A%2F%2Fwww.googleapis.com%2Fauth%2Fuserinfo.profile+https%3A%2F%2Fwww.googleapis.com%2Fauth%2Fuserinfo.email+openid&authuser=0&prompt=consent [36m302[0m 942.569 ms - 46[0m
[0mGET / [32m200[0m 15.207 ms - 9223[0m
[0mGET / [0m-[0m - ms - -[0m
[0mGET / [32m200[0m 76.338 ms - 13920[0m
[0mGET / [31m500[0m 49.733 ms - 2303[0m
[0mGET / [32m200[0m 33.228 ms - 14540[0m
[0mGET / [32m200[0m 20.586 ms - 26202[0m
[0mGET / [32m200[0m 27.326 ms - 25812[0m
[0mGET / [32m200[0m 21.626 ms - 26517[0m
[0mGET /css/mdb.min.css.map [33m404[0m 7.063 ms - 158[0m
[0mGET / [32m200[0m 45.237 ms - 21416[0m
[0mGET / [31m500[0m 23.351 ms - 2544[0m
[0mGET / [31m500[0m 11.272 ms - 2542[0m
[0mGET / [31m500[0m 21.931 ms - 2542[0m
[0mGET / [32m200[0m 17.416 ms - 21461[0m
[0mGET / [31m500[0m 23.118 ms - 2544[0m
[0mGET / [31m500[0m 15.573 ms - 2544[0m
[0mGET / [31m500[0m 15.284 ms - 2544[0m
[0mGET / [31m500[0m 23.265 ms - 2611[0m
[0mGET / [31m500[0m 19.598 ms - 2611[0m
[0mGET / [31m500[0m 37.770 ms - 2608[0m
[0mGET / [31m500[0m 15.809 ms - 2608[0m
[0mGET / [31m500[0m 17.839 ms - 2608[0m
[0mGET / [32m200[0m 19.343 ms - 21461[0m
[0mGET / [32m200[0m 20.613 ms - 20636[0m
[0mGET / [36m304[0m 11.675 ms - -[0m
[0mGET / [31m500[0m 8.242 ms - 1867[0m
[0mGET / [31m500[0m 12.013 ms - 1867[0m
[0mGET / [32m200[0m 13.824 ms - 21461[0m
[0mGET / [36m304[0m 16.999 ms - -[0m
[0mGET / [36m304[0m 18.281 ms - -[0m
[0mGET / [31m500[0m 13.114 ms - 2624[0m
[0mGET / [31m500[0m 24.051 ms - 2624[0m
[0mGET / [31m500[0m 12.409 ms - 2621[0m
[0mGET / [31m500[0m 24.086 ms - 2621[0m
[0mGET / [32m200[0m 12.322 ms - 21026[0m
[0mGET / [36m304[0m 22.114 ms - -[0m
[0mGET / [32m200[0m 23.353 ms - 21023[0m
[0mGET / [36m304[0m 23.013 ms - -[0m
[0mGET / [32m200[0m 12.823 ms - 21026[0m
[0mGET / [36m304[0m 21.294 ms - -[0m
[0mGET /css/mdb.min.css.map [33m404[0m 4.987 ms - 158[0m
[0mGET /css/mdb.min.css.map [33m404[0m 5.221 ms - 158[0m
[0mGET / [32m200[0m 12.734 ms - 21047[0m
[0mGET / [36m304[0m 18.702 ms - -[0m
[0mGET / [32m200[0m 14.290 ms - 21042[0m
[0mGET / [32m200[0m 14.183 ms - 21055[0m
[0mGET / [32m200[0m 13.041 ms - 21036[0m
[0mGET / [36m304[0m 23.378 ms - -[0m
[0mGET / [32m200[0m 13.804 ms - 21096[0m
[0mGET / [32m200[0m 42.032 ms - 21606[0m
[0mGET /user/mail/60d70e034cb22d081ce2f923 [33m404[0m 14.073 ms - 173[0m
[0mGET /user/mail/60d710f66ca2122f148f098f [33m404[0m 17.249 ms - 173[0m
[0mGET /user/mail/60d71187b80734114cc90f2d [33m404[0m 7.703 ms - 173[0m
[0mGET /user/mail/60d70e8ce776f20ec0ed1bcc [33m404[0m 10.844 ms - 173[0m
[0mGET / [36m304[0m 43.770 ms - -[0m
[0mGET /user/mail/60d70e034cb22d081ce2f923 [33m404[0m 7.477 ms - 173[0m
[0mGET /user/mail/60d70e034cb22d081ce2f923 [33m404[0m 45.382 ms - 173[0m
[0mGET / [32m200[0m 44.715 ms - 21621[0m
[0mGET / [36m304[0m 65.338 ms - -[0m
[0mGET / [36m304[0m 59.487 ms - -[0m
[0mGET /users/mail/60d70e034cb22d081ce2f923 [32m200[0m 26.771 ms - 33399[0m
[0mGET /users/mail/60d70e034cb22d081ce2f923 [31m500[0m 22.994 ms - 2967[0m
[0mGET /users/mail/60d70e034cb22d081ce2f923 [31m500[0m 19.776 ms - 2967[0m
[0mGET /users/mail/60d70e034cb22d081ce2f923 [32m200[0m 12.828 ms - 33410[0m
[0mGET /users/mail/60d70e034cb22d081ce2f923 [36m304[0m 22.266 ms - -[0m
[0mGET /users/mail/60d70e034cb22d081ce2f923 [32m200[0m 50.333 ms - 39077[0m
[0mGET / [36m304[0m 24.068 ms - -[0m
[0mGET /users/mail/60d70e034cb22d081ce2f923 [36m304[0m 32.971 ms - -[0m
[0mGET /users/mail/60d70e034cb22d081ce2f923 [36m304[0m 33.291 ms - -[0m
[0mGET /users/mail/60d70e034cb22d081ce2f923 [36m304[0m 30.530 ms - -[0m
[0mGET /users/mail/60d70e034cb22d081ce2f923 [36m304[0m 20.768 ms - -[0m
[0mGET /users/mail/60d70e034cb22d081ce2f923 [36m304[0m 18.457 ms - -[0m
[0mGET /users/mail/60d70e034cb22d081ce2f923 [32m200[0m 43.166 ms - 33410[0m
[0mGET /users/mail/60d70e034cb22d081ce2f923 [36m304[0m 107.901 ms - -[0m
[0mGET /users/mail/60d70e034cb22d081ce2f923 [36m304[0m 72.312 ms - -[0m
[0mGET /users/mail/60d70e034cb22d081ce2f923 [36m304[0m 55.662 ms - -[0m
[0mGET /users/mail/60d70e034cb22d081ce2f923 [36m304[0m 16.048 ms - -[0m
[0mGET /users/mail/60d70e034cb22d081ce2f923 [36m304[0m 60.121 ms - -[0m
[0mGET /users/mail/60d70e034cb22d081ce2f923 [36m304[0m 49.318 ms - -[0m
[0mGET /users/mail/60d70e034cb22d081ce2f923 [36m304[0m 131.939 ms - -[0m
[0mGET /users/mail/60d70e034cb22d081ce2f923 [36m304[0m 34.871 ms - -[0m
[0mGET /users/mail/60d70e034cb22d081ce2f923 [36m304[0m 21.902 ms - -[0m
[0mGET / [36m304[0m 22.626 ms - -[0m
[0mGET /users/mail/60d70e034cb22d081ce2f923 [36m304[0m 22.568 ms - -[0m
[0mGET /users/mail/60d70e034cb22d081ce2f923 [36m304[0m 12.693 ms - -[0m
[0mGET /users/mail/60d70e034cb22d081ce2f923 [36m304[0m 19.387 ms - -[0m
[0mGET / [32m200[0m 30.227 ms - 21621[0m
[0mGET /users/mail/60d70e034cb22d081ce2f923 [36m304[0m 17.554 ms - -[0m
[0mGET /users/mail/60d70e034cb22d081ce2f923 [36m304[0m 48.290 ms - -[0m
[0mGET /users/mail/60d70e034cb22d081ce2f923 [36m304[0m 27.947 ms - -[0m
[0mGET /users/mail/60d70e034cb22d081ce2f923 [36m304[0m 55.996 ms - -[0m
[0mGET /users/mail/60d70e034cb22d081ce2f923 [32m200[0m 59.240 ms - 33705[0m
[0mGET /users/mail/60d70e034cb22d081ce2f923 [36m304[0m 141.488 ms - -[0m
[0mGET /users/mail/60d70e034cb22d081ce2f923 [32m200[0m 49.257 ms - 33792[0m
[0mGET /users/mail/60d7106bb4f086253ce2e09e [32m200[0m 49.239 ms - 33792[0m
[0mGET /users/mail/60d712ea91bc2c2a4c185494 [32m200[0m 29.301 ms - 33850[0m
[0mPOST /users/create-mail [36m302[0m 33.416 ms - 46[0m
[0mGET / [32m200[0m 31.696 ms - 22747[0m
[0mGET / [32m200[0m 19.191 ms - 22533[0m
[0mGET / [36m304[0m 14.746 ms - -[0m
[0mGET /users/mail/60d70e034cb22d081ce2f923 [36m304[0m 28.150 ms - -[0m
[0mGET /users/mail/60d7377a608fb3331cf34e01 [32m200[0m 30.992 ms - 33894[0m
[0mGET /users/mail/60d70e8ce776f20ec0ed1bcc [32m200[0m 23.908 ms - 33792[0m
[0mGET /users/mail/60d7106bb4f086253ce2e09e [36m304[0m 28.098 ms - -[0m
[0mGET / [36m304[0m 62.418 ms - -[0m
[0mGET / [36m304[0m 25.748 ms - -[0m
[0mGET /users/mail/60d70e034cb22d081ce2f923 [36m304[0m 26.901 ms - -[0m
[0mGET /users/mail/60d7377a608fb3331cf34e01 [36m304[0m 26.960 ms - -[0m
[0mGET /users/mail/60d7377a608fb3331cf34e01 [36m304[0m 47.381 ms - -[0m
[0mGET /users/mail/60d7377a608fb3331cf34e01 [32m200[0m 25.720 ms - 33522[0m
[0mPOST /users/create-mail [36m302[0m 26.121 ms - 46[0m
[0mGET / [32m200[0m 22.119 ms - 23659[0m
[0mGET /users/mail/60d70e034cb22d081ce2f923 [32m200[0m 23.358 ms - 33493[0m
[0mGET /users/mail/60d7384063001331c44cb3cb [32m200[0m 20.156 ms - 33522[0m
[0mPOST /users/create-mail [36m302[0m 18.428 ms - 46[0m
[0mGET / [32m200[0m 20.456 ms - 24589[0m
[0mGET /users/mail/60d7386863001331c44cb3cc [32m200[0m 21.442 ms - 33558[0m
[0mGET /users/mail/60d70e034cb22d081ce2f923 [36m304[0m 23.255 ms - -[0m
[0mGET /users/mail/60d70e034cb22d081ce2f923 [36m304[0m 19.121 ms - -[0m
[0mGET /users/mail/60d70e034cb22d081ce2f923 [36m304[0m 18.520 ms - -[0m
[0mGET /users/mail/60d70e034cb22d081ce2f923 [36m304[0m 26.909 ms - -[0m
[0mPOST /users/create-mail [36m302[0m 42.624 ms - 46[0m
[0mGET / [32m200[0m 35.188 ms - 25519[0m
[0mPOST /users/create-mail [36m302[0m 48.811 ms - 46[0m
[0mGET / [32m200[0m 43.067 ms - 26449[0m
[0mPOST /users/create-mail [36m302[0m 48.094 ms - 46[0m
[0mGET / [32m200[0m 47.036 ms - 27379[0m
[0mGET /users/SignOut [36m302[0m 40.850 ms - 46[0m
[0mGET / [32m200[0m 15.389 ms - 3206[0m
[0mGET /users/signIn [36m304[0m 9.983 ms - -[0m
[0mGET /users/forgotPasswordEnterMail [36m304[0m 12.571 ms - -[0m
[0mPOST /users/reset-password [36m302[0m 37.538 ms - 146[0m
[0mGET /users/forgotPasswordEnterMail [32m200[0m 6.139 ms - 2580[0m
[0mGET /users/signIn [36m304[0m 26.215 ms - -[0m
[0mGET /users/auth/google [36m302[0m 12.311 ms - 0[0m
[0mGET /users/auth/google/callback?code=4%2F0AX4XfWhTiTRyu7UVLfsm3YlDxzQjgZvEjNDPDb2mYgual1-HBNEWFStjEIo9kvDvYxrG0g&scope=email+profile+https%3A%2F%2Fwww.googleapis.com%2Fauth%2Fuserinfo.profile+https%3A%2F%2Fwww.googleapis.com%2Fauth%2Fuserinfo.email+openid&authuser=0&prompt=consent [36m302[0m 1026.997 ms - 46[0m
[0mGET / [32m200[0m 33.335 ms - 27165[0m
[0mGET / [36m304[0m 25.213 ms - -[0m
[0mPOST /users/create-mail [36m302[0m 17.004 ms - 46[0m
[0mGET / [32m200[0m 20.203 ms - 28309[0m
[0mGET / [32m200[0m 88.220 ms - 3003[0m
[0mGET /users/signUp [32m200[0m 13.012 ms - 5309[0m
[0mGET /users/signIn [32m200[0m 23.232 ms - 3764[0m
[0mGET /users/signIn [36m304[0m 26.678 ms - -[0m
[0mGET / [36m304[0m 30.837 ms - -[0m
[0mGET /users/signUp [36m304[0m 9.965 ms - -[0m
[0mGET /users/signIn [32m200[0m 38.860 ms - 3764[0m
[0mGET /users/signUp [36m304[0m 10.775 ms - -[0m
[0mGET /users/signIn [36m304[0m 26.904 ms - -[0m
[0mGET /users/signUp [36m304[0m 20.053 ms - -[0m
[0mGET /users/signUp [36m304[0m 7.729 ms - -[0m
[0mGET /users/signIn [36m304[0m 20.400 ms - -[0m
[0mGET /users/auth/google [36m302[0m 31.349 ms - 0[0m
[0mGET /users/auth/google/callback?code=4%2F0AX4XfWgJeOwBTvvuHAatV-Xx1SvieEaEO3dzLhED44-IiyKi6vGDmPPHyIZ8-RQxeDkVoQ&scope=email+profile+https%3A%2F%2Fwww.googleapis.com%2Fauth%2Fuserinfo.profile+https%3A%2F%2Fwww.googleapis.com%2Fauth%2Fuserinfo.email+openid&authuser=0&prompt=consent [36m302[0m 1117.894 ms - 46[0m
[0mGET / [32m200[0m 47.847 ms - 8092[0m
[0mGET / [36m304[0m 50.753 ms - -[0m
[0mPOST /users/create-mail [36m302[0m 51.046 ms - 46[0m
[0mGET / [32m200[0m 17.276 ms - 9236[0m
[0mGET /users/mail/60d74e0270801b0944822118 [32m200[0m 30.856 ms - 33558[0m
[0mGET /css/mdb.min.css.map [33m404[0m 11.952 ms - 158[0m
[0mGET /users/mail/60d74e0270801b0944822118 [36m304[0m 28.595 ms - -[0m
[0mGET / [32m200[0m 45.033 ms - 9022[0m
[0mGET / [36m304[0m 20.362 ms - -[0m
[0mPOST /users/create-mail [36m302[0m 36.239 ms - 46[0m
[0mGET / [32m200[0m 40.026 ms - 10167[0m
[0mPOST /users/create-mail [36m302[0m 21.468 ms - 46[0m
[0mGET / [32m200[0m 17.624 ms - 11097[0m
[0mPOST /users/create-mail [36m302[0m 41.938 ms - 46[0m
[0mGET / [32m200[0m 23.179 ms - 12027[0m
[0mPOST /users/create-mail [36m302[0m 41.032 ms - 46[0m
[0mGET / [32m200[0m 24.127 ms - 12957[0m
[0mPOST /users/create-mail [36m302[0m 37.234 ms - 46[0m
[0mGET / [32m200[0m 29.229 ms - 13887[0m
[0mPOST /users/create-mail [36m302[0m 51.451 ms - 46[0m
[0mGET / [32m200[0m 21.895 ms - 14817[0m
[0mPOST /users/create-mail [36m302[0m 47.154 ms - 46[0m
[0mGET / [32m200[0m 24.432 ms - 15747[0m
[0mPOST /users/create-mail [36m302[0m 57.082 ms - 46[0m
[0mGET / [32m200[0m 22.041 ms - 19472[0m
[0mGET /users/mail/60d74e0270801b0944822118 [36m304[0m 31.418 ms - -[0m
[0mPOST /users/create-mail [36m302[0m 28.020 ms - 46[0m
[0mGET / [32m200[0m 16.887 ms - 20402[0m
[0mPOST /users/create-mail [36m302[0m 59.201 ms - 46[0m
[0mGET / [32m200[0m 21.669 ms - 21398[0m
[0mGET / [32m200[0m 18.947 ms - 3003[0m
[0mGET /users/signIn [32m200[0m 27.195 ms - 3550[0m
[0mGET /users/auth/google [36m302[0m 17.010 ms - 0[0m
[0mGET /users/auth/google/callback?code=4%2F0AX4XfWh_DuG-HX9p3bBbn_qGxWtk1W4gkmhWsVmTmcvbswKforIYvkBgjI5GzUBKpJ4nSA&scope=email+profile+https%3A%2F%2Fwww.googleapis.com%2Fauth%2Fuserinfo.profile+https%3A%2F%2Fwww.googleapis.com%2Fauth%2Fuserinfo.email+openid&authuser=0&prompt=consent [36m302[0m 960.114 ms - 46[0m
[0mGET / [32m200[0m 26.340 ms - 21119[0m
[0mGET / [36m304[0m 27.395 ms - -[0m
[0mGET / [32m200[0m 10.404 ms - 21115[0m
[0mGET /users/mail/60d74e0270801b0944822118 [36m304[0m 35.675 ms - -[0m
[0mGET /users/mail/60d74e0270801b0944822118 [36m304[0m 21.400 ms - -[0m
[0mGET /css/mdb.min.css.map [33m404[0m 9.452 ms - 158[0m
[0mGET / [36m304[0m 22.380 ms - -[0m
[0mGET /css/mdb.min.css.map [33m404[0m 5.489 ms - 158[0m
[0mGET /css/mdb.min.css.map [33m404[0m 5.503 ms - 158[0m
[0mGET / [36m304[0m 28.323 ms - -[0m
[0mGET /css/mdb.min.css.map [33m404[0m 4.975 ms - 158[0m
[0mGET / [32m200[0m 53.350 ms - 21121[0m
[0mGET / [32m200[0m 33.035 ms - 21121[0m
[0mGET /users/mail/60d74e0270801b0944822118 [36m304[0m 28.108 ms - -[0m
[0mGET / [32m200[0m 28.302 ms - 26753[0m
[0mGET / [32m200[0m 62.513 ms - 21330[0m
[0mGET /users/mail/60d74e0270801b0944822118 [36m304[0m 22.576 ms - -[0m
[0mGET /css/mdb.min.css.map [33m404[0m 7.399 ms - 158[0m
[0mGET /css/mdb.min.css.map [33m404[0m 6.151 ms - 158[0m
[0mGET / [32m200[0m 25.926 ms - 21187[0m
[0mGET / [36m304[0m 22.901 ms - -[0m
[0mGET /css/mdb.min.css.map [33m404[0m 7.581 ms - 158[0m
[0mGET / [32m200[0m 18.500 ms - 21211[0m
[0mGET /css/mdb.min.css.map [33m404[0m 5.144 ms - 158[0m
[0mGET / [32m200[0m 13.090 ms - 21221[0m
[0mGET /css/mdb.min.css.map [33m404[0m 5.273 ms - 158[0m
[0mGET / [36m304[0m 26.194 ms - -[0m
[0mGET /css/mdb.min.css.map [33m404[0m 4.881 ms - 158[0m
[0mGET / [32m200[0m 18.470 ms - 21244[0m
[0mGET /css/mdb.min.css.map [33m404[0m 3.950 ms - 158[0m
[0mGET / [32m200[0m 21.075 ms - 21268[0m
[0mGET / [36m304[0m 35.841 ms - -[0m
[0mPOST /users/create-mail [36m302[0m 28.336 ms - 46[0m
[0mGET / [32m200[0m 16.050 ms - 22479[0m
[0mGET / [32m200[0m 21.334 ms - 22199[0m
[0mGET / [36m304[0m 13.621 ms - -[0m
[0mGET /users/mail/60d74e0270801b0944822118 [36m304[0m 55.050 ms - -[0m
[0mGET / [32m200[0m 25.144 ms - 22196[0m
[0mGET / [32m200[0m 17.792 ms - 22187[0m
[0mPOST /users/create-mail [36m302[0m 51.829 ms - 46[0m
[0mGET / [32m200[0m 19.227 ms - 23397[0m
[0mGET / [32m200[0m 44.636 ms - 23117[0m
[0mGET /users/mail/60d74e0270801b0944822118 [36m304[0m 28.621 ms - -[0m
[0mGET /css/mdb.min.css.map [33m404[0m 7.971 ms - 158[0m
[0mGET / [36m304[0m 22.363 ms - -[0m
[0mGET /css/mdb.min.css.map [33m404[0m 6.108 ms - 158[0m
[0mGET /users/mail/60d74e0270801b0944822118 [36m304[0m 28.045 ms - -[0m
[0mGET / [32m200[0m 30.956 ms - 23101[0m
[0mGET / [32m200[0m 23.148 ms - 23117[0m
[0mGET / [32m200[0m 29.646 ms - 23053[0m
[0mGET / [36m304[0m 30.176 ms - -[0m
[0mGET /users/mail/60d7538426ac2428bcc756a6 [32m200[0m 21.008 ms - 33559[0m
[0mGET / [32m200[0m 15.545 ms - 23565[0m
[0mGET /users/mail/60d74e0270801b0944822118 [36m304[0m 20.279 ms - -[0m
[0mGET / [32m200[0m 25.268 ms - 21293[0m
[0mGET / [36m304[0m 13.270 ms - -[0m
[0mGET / [32m200[0m 18.745 ms - 23021[0m
[0mGET / [36m304[0m 18.116 ms - -[0m
[0mGET /css/mdb.min.css.map [33m404[0m 8.834 ms - 158[0m
[0mGET /css/mdb.min.css.map [33m404[0m 5.167 ms - 158[0m
[0mGET / [36m304[0m 14.348 ms - -[0m
[0mGET / [32m200[0m 13.609 ms - 23165[0m
[0mGET /users/mail/60d74e0270801b0944822118 [36m304[0m 17.328 ms - -[0m
[0mGET / [32m200[0m 17.901 ms - 21901[0m
[0mGET /users/mail/60d74e0270801b0944822118 [36m304[0m 17.949 ms - -[0m
[0mGET /users/mail/60d74e0270801b0944822118 [36m304[0m 17.736 ms - -[0m
[0mGET / [32m200[0m 29.275 ms - 23405[0m
[0mGET / [36m304[0m 16.021 ms - -[0m
[0mGET / [32m200[0m 16.385 ms - 23421[0m
[0mGET / [32m200[0m 16.221 ms - 23501[0m
[0mGET /users/mail/60d74e0270801b0944822118 [36m304[0m 19.238 ms - -[0m
[0mGET / [32m200[0m 11.136 ms - 23069[0m
[0mGET / [36m304[0m 20.884 ms - -[0m
[0mGET / [32m200[0m 20.697 ms - 24061[0m
[0mGET / [36m304[0m 21.222 ms - -[0m
[0mGET /users/mail/60d74e0270801b0944822118 [36m304[0m 22.079 ms - -[0m
[0mGET /users/mail/60d75099ba5e271c680d7329 [32m200[0m 24.947 ms - 33559[0m
[0mGET /users/mail/60d74e0270801b0944822118 [36m304[0m 14.353 ms - -[0m
[0mGET / [32m200[0m 11.602 ms - 24637[0m
[0mGET / [32m200[0m 17.314 ms - 24573[0m
[0mGET / [32m200[0m 20.431 ms - 25069[0m
[0mGET /users/mail/60d74e0270801b0944822118 [36m304[0m 25.360 ms - -[0m
[0mGET /users/mail/60d74e0270801b0944822118 [36m304[0m 28.222 ms - -[0m
[0mGET /users/mail/60d74e0270801b0944822118 [36m304[0m 21.681 ms - -[0m
[0mGET /users/mail/60d74e0270801b0944822118 [36m304[0m 19.858 ms - -[0m
[0mGET /users/mail/60d752296a3f932bb0ade982 [32m200[0m 20.086 ms - 33558[0m
[0mGET / [32m200[0m 14.810 ms - 25325[0m
[0mGET / [36m304[0m 22.061 ms - -[0m
[0mGET / [36m304[0m 37.030 ms - -[0m
[0mGET / [32m200[0m 17.441 ms - 26029[0m
[0mGET /users/mail/destroy/60d74e0270801b0944822118 [33m404[0m 8.721 ms - 182[0m
[0mGET / [36m304[0m 46.430 ms - -[0m
[0mGET / [36m304[0m 39.176 ms - -[0m
[0mGET /users/mail/destroy/60d74e0270801b0944822118 [36m302[0m 44.509 ms - 88[0m
[0mGET / [32m200[0m 16.707 ms - 26428[0m
[0mGET / [32m200[0m 36.080 ms - 26029[0m
[0mGET / [36m304[0m 32.027 ms - -[0m
[0mGET / [36m304[0m 47.110 ms - -[0m
[0mGET / [32m200[0m 50.624 ms - 26227[0m
[0mGET / [32m200[0m 27.965 ms - 26029[0m
[0mGET / [36m304[0m 33.538 ms - -[0m
[0mGET / [36m304[0m 31.591 ms - -[0m
[0mGET / [36m304[0m 20.261 ms - -[0m
[0mGET / [36m304[0m 28.028 ms - -[0m
[0mGET / [36m304[0m 30.392 ms - -[0m
[0mGET / [36m304[0m 14.480 ms - -[0m
[0mGET / [36m304[0m 19.055 ms - -[0m
[0mGET / [32m200[0m 14.524 ms - 3155[0m
[0mGET /users/signIn [36m304[0m 8.278 ms - -[0m
[0mGET /users/signUp [36m304[0m 11.754 ms - -[0m
[0mGET /users/signUp [32m200[0m 30.276 ms - 5523[0m
[0mGET /users/signUp [32m200[0m 19.339 ms - 5309[0m
[0mGET /users/signUp [32m200[0m 120.816 ms - 5523[0m
[0mGET /users/signIn [32m200[0m 21.388 ms - 3764[0m
[0mGET /users/signIn [32m200[0m 14.538 ms - 3550[0m
[0mPOST /users/create_session [36m302[0m 16.532 ms - 70[0m
[0mGET /users/signIn [32m200[0m 8.900 ms - 3758[0m
[0mPOST /users/create_user [36m302[0m 17.288 ms - 70[0m
[0mGET /users/signIn [32m200[0m 5.743 ms - 3764[0m
[0mPOST /users/create_session [36m302[0m 14.805 ms - 46[0m
[0mGET / [32m200[0m 12.891 ms - 8230[0m
[0mGET / [36m304[0m 17.024 ms - -[0m
[0mPOST /users/create-mail [36m302[0m 46.279 ms - 46[0m
[0mGET / [32m200[0m 11.181 ms - 9622[0m
[0mGET /users/mail/60d7f8d3b6d426248cb0ce0e [32m200[0m 24.114 ms - 33529[0m
[0mGET /users/mail/destroy/60d7f8d3b6d426248cb0ce0e [36m302[0m 9.288 ms - 88[0m
[0mGET / [32m200[0m 10.442 ms - 9540[0m
[0mGET / [32m200[0m 17.794 ms - 9342[0m
[0mGET / [36m304[0m 15.852 ms - -[0m
[0mGET /users/mail/destroy/60d7f8d3b6d426248cb0ce0e [36m302[0m 10.869 ms - 88[0m
[0mGET / [32m200[0m 10.460 ms - 9540[0m
[0mGET / [32m200[0m 51.211 ms - 9342[0m
[0mGET /users/mail/destroy/60d7f8d3b6d426248cb0ce0e [36m302[0m 17.299 ms - 88[0m
[0mGET / [32m200[0m 14.354 ms - 9540[0m
[0mGET / [32m200[0m 45.212 ms - 9342[0m
[0mGET /users/mail/destroy/60d7f8d3b6d426248cb0ce0e [36m302[0m 44.067 ms - 88[0m
[0mGET / [32m200[0m 11.852 ms - 9540[0m
[0mGET / [32m200[0m 43.428 ms - 9342[0m
[0mGET / [32m200[0m 49.543 ms - 9540[0m
[0mGET / [32m200[0m 21.761 ms - 9342[0m
[0mGET /users/mail/destroy/60d7f8d3b6d426248cb0ce0e [36m302[0m 64.808 ms - 88[0m
[0mGET / [32m200[0m 13.210 ms - 9540[0m
[0mGET / [32m200[0m 41.782 ms - 9342[0m
[0mGET /users/mail/destroy/60d7f8d3b6d426248cb0ce0e [36m302[0m 45.111 ms - 88[0m
[0mGET / [32m200[0m 13.336 ms - 9540[0m
[0mGET / [32m200[0m 29.735 ms - 9342[0m
[0mGET /users/mail/destroy/60d7f8d3b6d426248cb0ce0e [36m302[0m 29.314 ms - 88[0m
[0mGET / [32m200[0m 13.454 ms - 9540[0m
[0mGET / [32m200[0m 44.905 ms - 9342[0m
[0mGET /users/mail/destroy/60d7f8d3b6d426248cb0ce0e [36m302[0m 43.870 ms - 88[0m
[0mGET / [32m200[0m 11.990 ms - 9540[0m
[0mGET / [32m200[0m 50.816 ms - 9342[0m
[0mGET /users/mail/destroy/60d7f8d3b6d426248cb0ce0e [36m302[0m 41.952 ms - 88[0m
[0mGET / [32m200[0m 13.250 ms - 9540[0m
[0mGET / [32m200[0m 21.175 ms - 9342[0m
[0mGET / [36m304[0m 52.144 ms - -[0m
[0mGET /users/mail/destroy/60d7f8d3b6d426248cb0ce0e [36m302[0m 30.407 ms - 88[0m
[0mGET / [32m200[0m 13.995 ms - 9540[0m
[0mGET / [32m200[0m 50.895 ms - 9342[0m
[0mGET /users/mail/destroy/60d7f8d3b6d426248cb0ce0e [36m302[0m 26.473 ms - 88[0m
[0mGET / [32m200[0m 12.444 ms - 9540[0m
[0mGET / [32m200[0m 42.658 ms - 8230[0m
[0mPOST /users/create-mail [36m302[0m 53.354 ms - 46[0m
[0mGET / [32m200[0m 22.343 ms - 9591[0m
[0mGET / [32m200[0m 22.962 ms - 9311[0m
[0mGET /users/mail/destroy/60d7fb6cff873d1cdce08cf2 [36m302[0m 16.595 ms - 88[0m
[0mGET / [32m200[0m 9.381 ms - 9509[0m
[0mGET / [32m200[0m 17.192 ms - 9311[0m
[0mGET / [36m304[0m 45.292 ms - -[0m
[0mGET /users/mail/destroy/60d7fb6cff873d1cdce08cf2 [36m302[0m 39.466 ms - 88[0m
[0mGET / [32m200[0m 16.844 ms - 9509[0m
[0mGET / [32m200[0m 17.498 ms - 9311[0m
[0mGET / [36m304[0m 49.322 ms - -[0m
[0mGET / [36m304[0m 22.851 ms - -[0m
[0mGET / [36m304[0m 17.895 ms - -[0m
[0mGET /users/mail/60d7fb6cff873d1cdce08cf2 [31m500[0m 33.280 ms - 3042[0m
[0mGET / [36m304[0m 61.956 ms - -[0m
[0mGET / [36m304[0m 20.045 ms - -[0m
[0mGET /users/mail/60d7fb6cff873d1cdce08cf2 [32m200[0m 29.137 ms - 33499[0m
[0mGET / [32m200[0m 38.416 ms - 8230[0m
[0mGET / [36m304[0m 22.528 ms - -[0m
[0mGET / [36m304[0m 46.220 ms - -[0m
[0mGET / [32m200[0m 24.925 ms - 7872[0m
[0mGET / [36m304[0m 35.571 ms - -[0m
[0mGET / [36m304[0m 22.980 ms - -[0m
[0mGET / [32m200[0m 22.348 ms - 8863[0m
[0mGET / [36m304[0m 22.492 ms - -[0m
[0mGET /users/mail/60d7fb6cff873d1cdce08cf2 [36m304[0m 29.873 ms - -[0m
[0mGET / [32m200[0m 14.174 ms - 8812[0m
[0mGET / [36m304[0m 22.096 ms - -[0m
[0mGET / [32m200[0m 15.378 ms - 8765[0m
[0mGET / [32m200[0m 11.817 ms - 8763[0m
[0mGET / [32m200[0m 16.243 ms - 8819[0m
[0mGET / [32m200[0m 24.810 ms - 8804[0m
[0mGET / [32m200[0m 20.075 ms - 8809[0m
[0mGET /users/mail/60d7fb6cff873d1cdce08cf2 [36m304[0m 26.697 ms - -[0m
[0mPOST /users/create-mail [36m302[0m 31.373 ms - 46[0m
[0mGET / [32m200[0m 14.647 ms - 10170[0m
[0mGET / [32m200[0m 27.914 ms - 9890[0m
[0mGET /users/mail/destroy/60d7fd2fbafad608bc286856 [36m302[0m 28.476 ms - 88[0m
[0mGET / [32m200[0m 13.198 ms - 9970[0m
[0mGET / [32m200[0m 21.937 ms - 9772[0m
[0mGET /users/mail/60d7fb6cff873d1cdce08cf2 [36m304[0m 47.115 ms - -[0m
[0mGET / [36m304[0m 31.934 ms - -[0m
[0mGET /users/SignOut [36m302[0m 51.535 ms - 46[0m
[0mGET / [32m200[0m 10.413 ms - 5170[0m
[0mGET /privacyPolicies [33m404[0m 8.738 ms - 154[0m
[0mGET /users/signIn [32m200[0m 14.840 ms - 3550[0m
[0mGET /users/signUp [32m200[0m 8.676 ms - 5309[0m
[0mGET /users/signIn [36m304[0m 5.154 ms - -[0m
[0mPOST /users/create_session [36m302[0m 14.345 ms - 46[0m
[0mGET / [32m200[0m 22.087 ms - 11358[0m
[0mGET / [36m304[0m 30.749 ms - -[0m
[0mGET /users/SignOut [36m302[0m 9.105 ms - 46[0m
[0mGET / [32m200[0m 10.182 ms - 5170[0m
[0mGET / [32m200[0m 10.973 ms - 4967[0m
[0mGET / [32m200[0m 10.534 ms - 4375[0m
[0mGET / [36m304[0m 12.964 ms - -[0m
[0mGET / [36m304[0m 12.832 ms - -[0m
[0mGET /users/signIn [36m304[0m 10.595 ms - -[0m
[0mGET / [31m500[0m 10.624 ms - 1975[0m
[0mGET / [31m500[0m 6.791 ms - 1975[0m
[0mGET / [31m500[0m 4.411 ms - 1975[0m
[0mGET / [32m200[0m 7.020 ms - 3884[0m
[0mGET / [31m500[0m 7.497 ms - 1975[0m
[0mGET / [31m500[0m 6.487 ms - 1975[0m
[0mGET / [32m200[0m 4.268 ms - 4231[0m
[0mGET /users/SignOut [36m302[0m 7.462 ms - 46[0m
[0mGET / [32m200[0m 6.868 ms - 4434[0m
[0mGET / [32m200[0m 10.936 ms - 4231[0m
[0mGET / [36m304[0m 13.456 ms - -[0m
[0mGET /users/SignOut [36m302[0m 7.034 ms - 46[0m
[0mGET / [32m200[0m 5.200 ms - 4434[0m
[0mGET / [32m200[0m 11.294 ms - 4231[0m
[0mGET /users/SignOut [36m302[0m 6.583 ms - 46[0m
[0mGET / [32m200[0m 7.622 ms - 4434[0m
[0mGET /users/signIn [36m304[0m 5.093 ms - -[0m
[0mGET /users/SignOut [36m302[0m 4.020 ms - 46[0m
[0mGET / [36m304[0m 8.692 ms - -[0m
[0mGET / [32m200[0m 5.738 ms - 4077[0m
[0mGET / [36m304[0m 13.474 ms - -[0m
[0mGET / [36m304[0m 6.376 ms - -[0m
[0mGET /users/signIn [36m304[0m 9.614 ms - -[0m
[0mGET /users/signUp [36m304[0m 10.351 ms - -[0m
[0mGET /users/signUp [36m304[0m 9.416 ms - -[0m
[0mGET /users/auth/google [36m302[0m 14.537 ms - 0[0m
[0mGET / [36m304[0m 6.835 ms - -[0m
[0mGET / [32m200[0m 8.099 ms - 4075[0m
[0mGET / [36m304[0m 10.587 ms - -[0m
[0mGET / [32m200[0m 6.399 ms - 4075[0m
[0mGET / [32m200[0m 14.310 ms - 5709[0m
[0mGET / [36m304[0m 12.472 ms - -[0m
[0mGET / [36m304[0m 9.735 ms - -[0m
[0mGET / [36m304[0m 11.103 ms - -[0m
[0mGET / [32m200[0m 7.815 ms - 5637[0m
[0mGET / [36m304[0m 7.172 ms - -[0m
[0mGET / [32m200[0m 10.993 ms - 5509[0m
[0mGET / [36m304[0m 7.641 ms - -[0m
[0mGET / [32m200[0m 7.329 ms - 5709[0m
[0mGET / [32m200[0m 10.960 ms - 5648[0m
[0mGET / [32m200[0m 4.936 ms - 5648[0m
[0mGET / [32m200[0m 9.712 ms - 5648[0m
[0mGET / [32m200[0m 9.521 ms - 5661[0m
[0mGET / [32m200[0m 10.220 ms - 5661[0m
[0mGET / [32m200[0m 12.508 ms - 5640[0m
[0mGET / [32m200[0m 7.292 ms - 5640[0m
[0mGET / [32m200[0m 7.725 ms - 5709[0m
[0mGET / [32m200[0m 7.326 ms - 5709[0m
[0mGET / [36m304[0m 12.063 ms - -[0m
[0mGET / [32m200[0m 4.196 ms - 5641[0m
[0mGET / [36m304[0m 8.679 ms - -[0m
[0mGET /css/mdb.min.css.map [33m404[0m 3.847 ms - 158[0m
[0mGET / [32m200[0m 11.109 ms - 5640[0m
[0mGET /css/mdb.min.css.map [33m404[0m 2.779 ms - 158[0m
[0mGET / [36m304[0m 9.826 ms - -[0m
[0mGET / [32m200[0m 6.533 ms - 5640[0m
[0mGET /css/mdb.min.css.map [33m404[0m 4.255 ms - 158[0m
[0mGET / [36m304[0m 14.323 ms - -[0m
[0mGET /users/signIn [36m304[0m 10.568 ms - -[0m
[0mPOST /users/create_session [36m302[0m 14.209 ms - 46[0m
[0mGET / [31m500[0m 13.741 ms - 2155[0m
[0mGET / [31m500[0m 18.065 ms - 2155[0m
[0mGET / [32m200[0m 21.382 ms - 12208[0m
[0mGET / [36m304[0m 19.250 ms - -[0m
[0mGET /css/mdb.min.css.map [33m404[0m 10.108 ms - 158[0m
[0mGET /css/mdb.min.css.map [33m404[0m 7.479 ms - 158[0m
[0mPOST /users/create-mail [36m302[0m 35.052 ms - 46[0m
[0mGET / [32m200[0m 14.681 ms - 13573[0m
[0mGET /css/mdb.min.css.map [33m404[0m 5.365 ms - 158[0m
[0mGET / [32m200[0m 24.440 ms - 13293[0m
[0mGET / [32m200[0m 16.500 ms - 13323[0m
[0mGET / [36m304[0m 25.614 ms - -[0m
[0mGET / [32m200[0m 11.811 ms - 13346[0m
[0mGET / [32m200[0m 13.249 ms - 13346[0m
[0mGET / [32m200[0m 13.898 ms - 13346[0m
[0mGET / [32m200[0m 22.204 ms - 13346[0m
[0mGET / [32m200[0m 21.654 ms - 13337[0m
[0mGET / [36m304[0m 24.494 ms - -[0m
[0mGET / [32m200[0m 15.004 ms - 13337[0m
[0mGET / [32m200[0m 16.999 ms - 13323[0m
[0mGET /css/mdb.min.css.map [33m404[0m 6.978 ms - 158[0m
[0mGET /css/mdb.min.css.map [33m404[0m 5.588 ms - 158[0m
[0mGET / [32m200[0m 13.638 ms - 13346[0m
[0mGET /css/mdb.min.css.map [33m404[0m 9.123 ms - 158[0m
[0mGET / [36m304[0m 23.256 ms - -[0m
[0mGET / [32m200[0m 22.628 ms - 13355[0m
[0mGET / [32m200[0m 18.658 ms - 13355[0m
[0mGET / [32m200[0m 25.707 ms - 13323[0m
[0mGET /users/mail/60d80215e8a2922988f650d1 [32m200[0m 31.369 ms - 33500[0m
[0mGET /users/SignOut [36m302[0m 10.468 ms - 46[0m
[0mGET / [32m200[0m 6.078 ms - 5873[0m
[0mGET /users/signIn [36m304[0m 6.014 ms - -[0m
[0mGET / [32m200[0m 7.328 ms - 5657[0m
[0mGET / [32m200[0m 7.082 ms - 5642[0m
[0mGET /css/mdb.min.css.map [33m404[0m 3.250 ms - 158[0m
[0mGET / [36m304[0m 10.101 ms - -[0m
[0mGET / [36m304[0m 7.708 ms - -[0m
[0mGET /users/signUp [36m304[0m 6.703 ms - -[0m
[0mGET /users/signIn [36m304[0m 9.742 ms - -[0m
[0mGET /users/signIn [36m304[0m 10.961 ms - -[0m
[0mGET /privacyPolicies [33m404[0m 2.611 ms - 154[0m
[0mGET / [32m200[0m 12.601 ms - 5667[0m
[0mGET /users/signIn [36m304[0m 12.790 ms - -[0m
[0mGET / [32m200[0m 8.122 ms - 5667[0m
[0mGET /users/signIn [36m304[0m 6.616 ms - -[0m
[0mGET / [36m304[0m 6.845 ms - -[0m
[0mGET / [32m200[0m 195.039 ms - 4162[0m
[0mGET / [36m304[0m 5.423 ms - -[0m
[0mGET /css/mdb.min.css.map [33m404[0m 5.326 ms - 158[0m
[0mGET / [36m304[0m 4.774 ms - -[0m
[0mGET /css/mdb.min.css.map [33m404[0m 4.942 ms - 158[0m
[0mGET / [32m200[0m 6.834 ms - 5667[0m
[0mGET /css/mdb.min.css.map [33m404[0m 5.607 ms - 158[0m
[0mGET / [36m304[0m 14.613 ms - -[0m
[0mGET /css/mdb.min.css.map [33m404[0m 2.984 ms - 158[0m
[0mGET / [32m200[0m 5.608 ms - 4159[0m
[0mGET /users/signIn [36m304[0m 13.253 ms - -[0m
[0mGET /users/signUp [36m304[0m 15.652 ms - -[0m
[0mGET / [36m304[0m 8.157 ms - -[0m
[0mGET /privacyPolicies [33m404[0m 2.133 ms - 154[0m
[0mGET /users/signIn [36m304[0m 5.753 ms - -[0m
[0mGET /users/signUp [36m304[0m 4.997 ms - -[0m
[0mGET /users/signIn [36m304[0m 7.014 ms - -[0m
[0mPOST /users/create_session [36m302[0m 25.157 ms - 46[0m
[0mGET / [32m200[0m 26.031 ms - 11812[0m
[0mGET / [36m304[0m 17.772 ms - -[0m
[0mGET / [32m200[0m 14.642 ms - 13320[0m
[0mGET / [36m304[0m 19.424 ms - -[0m
[0mGET / [36m304[0m 21.761 ms - -[0m
[0mGET / [36m304[0m 16.782 ms - -[0m
[0mGET / [32m200[0m 13.220 ms - 13320[0m
[0mGET / [36m304[0m 15.586 ms - -[0m
[0mGET / [36m304[0m 15.639 ms - -[0m
[0mGET /css/mdb.min.css.map [33m404[0m 7.084 ms - 158[0m
[0mGET / [36m304[0m 24.928 ms - -[0m
[0mGET / [36m304[0m 24.688 ms - -[0m
[0mGET / [32m200[0m 11.689 ms - 13295[0m
[0mGET / [32m200[0m 14.754 ms - 13323[0m
[0mGET / [36m304[0m 18.924 ms - -[0m
[0mGET / [36m304[0m 20.264 ms - -[0m
[0mGET / [32m200[0m 17.226 ms - 12292[0m
[0mGET / [36m304[0m 21.783 ms - -[0m
[0mGET / [36m304[0m 18.653 ms - -[0m
[0mGET / [32m200[0m 13.080 ms - 13323[0m
[0mGET / [36m304[0m 31.180 ms - -[0m
[0mGET / [32m200[0m 12.147 ms - 13323[0m
[0mGET / [32m200[0m 9.715 ms - 13323[0m
[0mGET / [32m200[0m 24.506 ms - 10727[0m
[0mGET / [36m304[0m 21.571 ms - -[0m
[0mGET / [32m200[0m 15.173 ms - 10950[0m
[0mGET / [36m304[0m 13.348 ms - -[0m
[0mGET / [36m304[0m 15.942 ms - -[0m
[0mGET /users/SignOut [36m302[0m 12.652 ms - 46[0m
[0mGET / [32m200[0m 4.004 ms - 3489[0m
[0mGET / [32m200[0m 7.920 ms - 3286[0m
[0mGET /users/signIn [36m304[0m 8.232 ms - -[0m
[0mGET / [36m304[0m 3.840 ms - -[0m
[0mGET /users/signIn [36m304[0m 9.243 ms - -[0m
[0mPOST /users/create_session [36m302[0m 9.266 ms - 46[0m
[0mGET / [32m200[0m 15.999 ms - 10950[0m
[0mGET /users/forgotPasswordEnterMail [32m200[0m 18.146 ms - 2333[0m
[0mGET / [32m200[0m 24.690 ms - 14802[0m
[0mGET /css/style.css [33m404[0m 7.180 ms - 152[0m
[0mGET /undraw_Choose_re_7d5a.svg [33m404[0m 11.001 ms - 164[0m
[0mGET /sample_mail.png [33m404[0m 12.802 ms - 154[0m
[0mGET /css/style.css [33m404[0m 14.568 ms - 152[0m
[0mGET / [36m304[0m 23.972 ms - -[0m
[0mGET /css/style.css [33m404[0m 5.042 ms - 152[0m
[0mGET /undraw_Choose_re_7d5a.svg [33m404[0m 6.582 ms - 164[0m
[0mGET /sample_mail.png [33m404[0m 12.139 ms - 154[0m
[0mGET /css/style.css [33m404[0m 3.321 ms - 152[0m
[0mGET / [36m304[0m 26.542 ms - -[0m
[0mGET /css/style.css [33m404[0m 10.058 ms - 152[0m
[0mGET /undraw_Choose_re_7d5a.svg [33m404[0m 7.677 ms - 164[0m
[0mGET /sample_mail.png [33m404[0m 8.350 ms - 154[0m
[0mGET /css/style.css [33m404[0m 4.476 ms - 152[0m
[0mGET / [36m304[0m 22.156 ms - -[0m
[0mGET /undraw_Choose_re_7d5a.svg [33m404[0m 17.668 ms - 164[0m
[0mGET /css/style.css [33m404[0m 16.496 ms - 152[0m
[0mGET /sample_mail.png [33m404[0m 8.750 ms - 154[0m
[0mGET /css/style.css [33m404[0m 4.896 ms - 152[0m
[0mGET / [36m304[0m 19.149 ms - -[0m
[0mGET /css/style.css [33m404[0m 11.168 ms - 152[0m
[0mGET /undraw_Choose_re_7d5a.svg [33m404[0m 17.553 ms - 164[0m
[0mGET /sample_mail.png [33m404[0m 13.585 ms - 154[0m
[0mGET /css/style.css [33m404[0m 4.911 ms - 152[0m
[0mGET / [36m304[0m 20.355 ms - -[0m
[0mGET /css/style.css [33m404[0m 15.693 ms - 152[0m
[0mGET /undraw_Choose_re_7d5a.svg [33m404[0m 18.745 ms - 164[0m
[0mGET /sample_mail.png [33m404[0m 16.938 ms - 154[0m
[0mGET /css/style.css [33m404[0m 9.683 ms - 152[0m
[0mGET / [32m200[0m 22.318 ms - 14802[0m
[0mGET /undraw_Choose_re_7d5a.svg [33m404[0m 11.481 ms - 164[0m
[0mGET /css/style.css [33m404[0m 19.797 ms - 152[0m
[0mGET /sample_mail.png [33m404[0m 8.862 ms - 154[0m
[0mGET /css/style.css [33m404[0m 5.170 ms - 152[0m
[0mGET / [32m200[0m 18.260 ms - 14802[0m
[0mGET /css/style.css [33m404[0m 11.026 ms - 152[0m
[0mGET /undraw_Choose_re_7d5a.svg [33m404[0m 12.692 ms - 164[0m
[0mGET /sample_mail.png [33m404[0m 9.314 ms - 154[0m
[0mGET /css/style.css [33m404[0m 5.541 ms - 152[0m
[0mGET / [32m200[0m 20.089 ms - 14802[0m
[0mGET /css/style.css [33m404[0m 10.283 ms - 152[0m
[0mGET /undraw_Choose_re_7d5a.svg [33m404[0m 6.124 ms - 164[0m
[0mGET /sample_mail.png [33m404[0m 12.210 ms - 154[0m
[0mGET /css/style.css [33m404[0m 5.233 ms - 152[0m
[0mGET / [36m304[0m 18.644 ms - -[0m
[0mGET /css/style.css [33m404[0m 7.659 ms - 152[0m
[0mGET /undraw_Choose_re_7d5a.svg [33m404[0m 18.793 ms - 164[0m
[0mGET /sample_mail.png [33m404[0m 16.722 ms - 154[0m
[0mGET /css/style.css [33m404[0m 6.232 ms - 152[0m
[0mGET / [32m200[0m 21.060 ms - 14802[0m
[0mGET /css/style.css [33m404[0m 10.449 ms - 152[0m
[0mGET /undraw_Choose_re_7d5a.svg [33m404[0m 14.287 ms - 164[0m
[0mGET /sample_mail.png [33m404[0m 14.467 ms - 154[0m
[0mGET /css/style.css [33m404[0m 4.894 ms - 152[0m
[0mGET / [32m200[0m 12.340 ms - 14802[0m
[0mGET /css/style.css [33m404[0m 7.316 ms - 152[0m
[0mGET /undraw_Choose_re_7d5a.svg [33m404[0m 11.412 ms - 164[0m
[0mGET /sample_mail.png [33m404[0m 11.710 ms - 154[0m
[0mGET /css/style.css [33m404[0m 7.539 ms - 152[0m
[0mGET /css/style.css [33m404[0m 6.842 ms - 152[0m
[0mGET /css/mdb.min.css.map [33m404[0m 5.347 ms - 158[0m
[0mGET / [32m200[0m 16.314 ms - 14798[0m
[0mGET /css/style.css [33m404[0m 14.531 ms - 152[0m
[0mGET /undraw_Choose_re_7d5a.svg [33m404[0m 8.362 ms - 164[0m
[0mGET /sample_mail.png [33m404[0m 7.186 ms - 154[0m
[0mGET /css/mdb.min.css.map [33m404[0m 4.542 ms - 158[0m
[0mGET /css/style.css [33m404[0m 4.871 ms - 152[0m
[0mGET / [32m200[0m 29.458 ms - 14798[0m
[0mGET /css/style.css [33m404[0m 9.476 ms - 152[0m
[0mGET /undraw_Choose_re_7d5a.svg [33m404[0m 7.767 ms - 164[0m
[0mGET /sample_mail.png [33m404[0m 5.652 ms - 154[0m
[0mGET /css/mdb.min.css.map [33m404[0m 6.627 ms - 158[0m
[0mGET /css/style.css [33m404[0m 3.296 ms - 152[0m
[0mGET / [32m200[0m 17.381 ms - 14797[0m
[0mGET /css/style.css [33m404[0m 8.018 ms - 152[0m
[0mGET /undraw_Choose_re_7d5a.svg [33m404[0m 7.995 ms - 164[0m
[0mGET /sample_mail.png [33m404[0m 10.348 ms - 154[0m
[0mGET /css/mdb.min.css.map [33m404[0m 5.977 ms - 158[0m
[0mGET /css/style.css [33m404[0m 10.240 ms - 152[0m
[0mGET / [32m200[0m 27.766 ms - 14797[0m
[0mGET /css/style.css [33m404[0m 10.635 ms - 152[0m
[0mGET /undraw_Choose_re_7d5a.svg [33m404[0m 9.209 ms - 164[0m
[0mGET /sample_mail.png [33m404[0m 9.888 ms - 154[0m
[0mGET /css/mdb.min.css.map [33m404[0m 8.091 ms - 158[0m
[0mGET /css/style.css [33m404[0m 8.761 ms - 152[0m
[0mGET / [32m200[0m 15.308 ms - 14797[0m
[0mGET /undraw_Choose_re_7d5a.svg [33m404[0m 17.582 ms - 164[0m
[0mGET /css/style.css [33m404[0m 18.470 ms - 152[0m
[0mGET /sample_mail.png [33m404[0m 5.226 ms - 154[0m
[0mGET /css/mdb.min.css.map [33m404[0m 5.456 ms - 158[0m
[0mGET /css/style.css [33m404[0m 5.291 ms - 152[0m
[0mGET / [32m200[0m 18.460 ms - 14797[0m
[0mGET /css/style.css [33m404[0m 16.344 ms - 152[0m
[0mGET /undraw_Choose_re_7d5a.svg [33m404[0m 5.388 ms - 164[0m
[0mGET /sample_mail.png [33m404[0m 5.383 ms - 154[0m
[0mGET /css/style.css [33m404[0m 5.472 ms - 152[0m
[0mGET /css/mdb.min.css.map [33m404[0m 11.796 ms - 158[0m
[0mGET / [32m200[0m 22.143 ms - 14798[0m
[0mGET /sample_mail.png [33m404[0m 13.638 ms - 154[0m
[0mGET /undraw_Choose_re_7d5a.svg [33m404[0m 13.885 ms - 164[0m
[0mGET /css/mdb.min.css.map [33m404[0m 9.539 ms - 158[0m
[0mGET /css/mdb.min.css.map [33m404[0m 4.773 ms - 158[0m
[0mGET / [32m200[0m 19.494 ms - 14798[0m
[0mGET /undraw_Choose_re_7d5a.svg [33m404[0m 9.903 ms - 164[0m
[0mGET /sample_mail.png [33m404[0m 9.943 ms - 154[0m
[0mGET /css/mdb.min.css.map [33m404[0m 5.153 ms - 158[0m
[0mGET /users/SignOut [36m302[0m 12.328 ms - 46[0m
[0mGET / [32m200[0m 3.995 ms - 7337[0m
[0mGET /undraw_Choose_re_7d5a.svg [33m404[0m 5.400 ms - 164[0m
[0mGET /sample_mail.png [33m404[0m 6.764 ms - 154[0m
[0mGET / [32m200[0m 4.236 ms - 7134[0m
[0mGET /undraw_Choose_re_7d5a.svg [33m404[0m 4.100 ms - 164[0m
[0mGET /sample_mail.png [33m404[0m 3.986 ms - 154[0m
[0mGET /css/mdb.min.css.map [33m404[0m 1.791 ms - 158[0m
[0mGET / [32m200[0m 34.621 ms - 7133[0m
[0mGET /css/style.css [33m404[0m 11.834 ms - 152[0m
[0mGET /undraw_Choose_re_7d5a.svg [33m404[0m 3.970 ms - 164[0m
[0mGET /sample_mail.png [33m404[0m 4.354 ms - 154[0m
[0mGET /css/mdb.min.css.map [33m404[0m 3.758 ms - 158[0m
[0mGET /css/style.css [33m404[0m 3.218 ms - 152[0m
[0mGET / [32m200[0m 13.375 ms - 7141[0m
[0mGET /assets/css/styles.css [33m404[0m 10.351 ms - 160[0m
[0mGET /undraw_Choose_re_7d5a.svg [33m404[0m 3.258 ms - 164[0m
[0mGET /sample_mail.png [33m404[0m 3.426 ms - 154[0m
[0mGET /css/mdb.min.css.map [33m404[0m 3.453 ms - 158[0m
[0mGET /assets/css/styles.css [33m404[0m 3.077 ms - 160[0m
[0mGET / [32m200[0m 15.568 ms - 7141[0m
[0mGET /assets/css/styles.css [33m404[0m 5.859 ms - 160[0m
[0mGET /undraw_Choose_re_7d5a.svg [33m404[0m 3.315 ms - 164[0m
[0mGET /sample_mail.png [33m404[0m 4.036 ms - 154[0m
[0mGET /css/mdb.min.css.map [33m404[0m 3.649 ms - 158[0m
[0mGET /assets/css/styles.css [33m404[0m 3.894 ms - 160[0m
[0mGET / [32m200[0m 6.585 ms - 7134[0m
[0mGET /undraw_Choose_re_7d5a.svg [33m404[0m 6.459 ms - 164[0m
[0mGET /sample_mail.png [33m404[0m 6.272 ms - 154[0m
[0mGET /css/mdb.min.css.map [33m404[0m 2.827 ms - 158[0m
[0mGET / [32m200[0m 12.789 ms - 7134[0m
[0mGET /undraw_Choose_re_7d5a.svg [33m404[0m 3.464 ms - 164[0m
[0mGET /sample_mail.png [33m404[0m 3.240 ms - 154[0m
[0mGET / [32m200[0m 4.835 ms - 7134[0m
[0mGET /undraw_Choose_re_7d5a.svg [33m404[0m 8.222 ms - 164[0m
[0mGET /sample_mail.png [33m404[0m 7.202 ms - 154[0m
[0mGET / [32m200[0m 12.697 ms - 6935[0m
[0mGET /undraw_Choose_re_7d5a.svg [33m404[0m 2.944 ms - 164[0m
[0mGET /sample_mail.png [33m404[0m 3.467 ms - 154[0m
[0mGET / [32m200[0m 26.686 ms - 7134[0m
[0mGET /undraw_Choose_re_7d5a.svg [33m404[0m 3.602 ms - 164[0m
[0mGET /sample_mail.png [33m404[0m 8.357 ms - 154[0m
[0mGET / [32m200[0m 5.198 ms - 7142[0m
[0mGET /sample_mail.png [33m404[0m 5.486 ms - 154[0m
[0mGET / [32m200[0m 10.185 ms - 7150[0m
[0mGET / [32m200[0m 12.169 ms - 7150[0m
[0mGET / [32m200[0m 6.963 ms - 7162[0m
[0mGET / [32m200[0m 9.782 ms - 7174[0m
[0mGET /css/mdb.min.css.map [33m404[0m 3.834 ms - 158[0m
[0mGET / [36m304[0m 5.716 ms - -[0m
[0mGET /css/mdb.min.css.map [33m404[0m 3.824 ms - 158[0m
[0mGET / [32m200[0m 4.841 ms - 7174[0m
[0mGET /css/mdb.min.css.map [33m404[0m 3.493 ms - 158[0m
[0mGET / [32m200[0m 9.893 ms - 3299[0m
[0mGET / [32m200[0m 8.602 ms - 3299[0m
[0mGET /users/signIn [36m304[0m 7.679 ms - -[0m
[0mPOST /users/create_session [36m302[0m 26.249 ms - 46[0m
[0mGET / [32m200[0m 28.693 ms - 10963[0m
[0mGET / [32m200[0m 12.163 ms - 10963[0m
[0mGET / [32m200[0m 18.470 ms - 11827[0m
[0mGET /index.css [33m404[0m 12.013 ms - 148[0m
[0mGET /index.css [33m404[0m 5.306 ms - 148[0m
[0mGET / [36m304[0m 16.944 ms - -[0m
[0mGET /index.css [33m404[0m 18.702 ms - 148[0m
[0mGET /index.css [33m404[0m 4.475 ms - 148[0m
[0mGET / [32m200[0m 18.657 ms - 11832[0m
[0mGET / [32m200[0m 18.035 ms - 11832[0m
[0mGET / [32m200[0m 28.623 ms - 11832[0m
[0mGET /css/style.css [33m404[0m 10.236 ms - 152[0m
[0mGET /css/style.css [33m404[0m 5.487 ms - 152[0m
[0mGET / [32m200[0m 15.770 ms - 11832[0m
[0mGET /css/style.css [33m404[0m 8.586 ms - 152[0m
[0mGET /css/style.css [33m404[0m 4.816 ms - 152[0m
[0mGET /css/style.css [33m404[0m 7.356 ms - 152[0m
[0mGET /css/mdb.min.css.map [33m404[0m 6.699 ms - 158[0m
[0mGET / [32m200[0m 17.487 ms - 11270[0m
[0mGET /css/style.css [33m404[0m 22.595 ms - 152[0m
[0mGET /css/style.css [33m404[0m 6.405 ms - 152[0m
[0mGET /users/SignOut [36m302[0m 11.201 ms - 46[0m
[0mGET / [32m200[0m 3.761 ms - 3809[0m
[0mGET /css/style.css [33m404[0m 4.045 ms - 152[0m
[0mGET /css/style.css [33m404[0m 6.396 ms - 152[0m
[0mGET / [32m200[0m 8.330 ms - 3606[0m
[0mGET /css/style.css [33m404[0m 6.951 ms - 152[0m
[0mGET /css/style.css [33m404[0m 2.548 ms - 152[0m
[0mGET / [32m200[0m 6.881 ms - 15652[0m
[0mGET /css/style.css [33m404[0m 3.116 ms - 152[0m
[0mGET /images/logo.png [33m404[0m 10.342 ms - 154[0m
[0mGET /Homesvg.svg [33m404[0m 9.519 ms - 150[0m
[0mGET /UI_2.jpeg [33m404[0m 18.895 ms - 148[0m
[0mGET /discussion_logo.png [33m404[0m 19.790 ms - 158[0m
[0mGET /css/style.css [33m404[0m 2.787 ms - 152[0m
[0mGET /img/svg/arrow_left.svg [33m404[0m 3.940 ms - 161[0m
[0mGET /img/svg/arrow_right.svg [33m404[0m 5.823 ms - 162[0m
[0mGET / [32m200[0m 15.273 ms - 15652[0m
[0mGET /css/style.css [33m404[0m 3.592 ms - 152[0m
[0mGET /images/logo.png [33m404[0m 4.362 ms - 154[0m
[0mGET /Homesvg.svg [33m404[0m 11.083 ms - 150[0m
[0mGET /online_image.png [33m404[0m 9.886 ms - 155[0m
[0mGET /discussion_logo.png [33m404[0m 7.101 ms - 158[0m
[0mGET /UI_1.jpeg [33m404[0m 3.429 ms - 148[0m
[0mGET /UI_2.jpeg [33m404[0m 3.328 ms - 148[0m
[0mGET /UI_3.jpeg [33m404[0m 11.531 ms - 148[0m
[0mGET /main_info.jpg [33m404[0m 5.435 ms - 152[0m
[0mGET /css/style.css [33m404[0m 4.981 ms - 152[0m
[0mGET /img/svg/arrow_left.svg [33m404[0m 3.278 ms - 161[0m
[0mGET /img/svg/arrow_right.svg [33m404[0m 4.436 ms - 162[0m
[0mGET /css/style.css [33m404[0m 3.231 ms - 152[0m
[0mGET /css/mdb.min.css.map [33m404[0m 3.054 ms - 158[0m
[0mGET / [36m304[0m 9.451 ms - -[0m
[0mGET /css/style.css [33m404[0m 2.831 ms - 152[0m
[0mGET /images/logo.png [33m404[0m 11.533 ms - 154[0m
[0mGET /Homesvg.svg [33m404[0m 10.019 ms - 150[0m
[0mGET /discussion_logo.png [33m404[0m 2.767 ms - 158[0m
[0mGET /UI_1.jpeg [33m404[0m 2.942 ms - 148[0m
[0mGET /UI_2.jpeg [33m404[0m 10.004 ms - 148[0m
[0mGET /UI_3.jpeg [33m404[0m 11.175 ms - 148[0m
[0mGET /css/mdb.min.css.map [33m404[0m 3.011 ms - 158[0m
[0mGET /css/style.css [33m404[0m 3.255 ms - 152[0m
[0mGET /img/svg/arrow_left.svg [33m404[0m 3.596 ms - 161[0m
[0mGET /img/svg/arrow_right.svg [33m404[0m 3.647 ms - 162[0m
[0mGET / [36m304[0m 26.731 ms - -[0m
[0mGET /css/style.css [33m404[0m 6.933 ms - 152[0m
[0mGET /images/logo.png [33m404[0m 11.696 ms - 154[0m
[0mGET /online_image.png [33m404[0m 12.199 ms - 155[0m
[0mGET /discussion_logo.png [33m404[0m 20.288 ms - 158[0m
[0mGET /UI_1.jpeg [33m404[0m 18.703 ms - 148[0m
[0mGET /main_info.jpg [33m404[0m 23.651 ms - 152[0m
[0mGET /css/style.css [33m404[0m 5.130 ms - 152[0m
[0mGET /img/svg/arrow_left.svg [33m404[0m 2.760 ms - 161[0m
[0mGET /img/svg/arrow_right.svg [33m404[0m 4.061 ms - 162[0m
[0mGET / [32m200[0m 7.668 ms - 15652[0m
[0mGET /css/style.css [33m404[0m 4.506 ms - 152[0m
[0mGET /images/logo.png [33m404[0m 7.924 ms - 154[0m
[0mGET /Homesvg.svg [33m404[0m 8.520 ms - 150[0m
[0mGET /online_image.png [33m404[0m 16.296 ms - 155[0m
[0mGET /discussion_logo.png [33m404[0m 19.512 ms - 158[0m
[0mGET /UI_2.jpeg [33m404[0m 18.110 ms - 148[0m
[0mGET /main_info.jpg [33m404[0m 8.337 ms - 152[0m
[0mGET /css/style.css [33m404[0m 3.319 ms - 152[0m
[0mGET /img/svg/arrow_left.svg [33m404[0m 5.370 ms - 161[0m
[0mGET /img/svg/arrow_right.svg [33m404[0m 7.866 ms - 162[0m
[0mGET / [32m200[0m 7.986 ms - 15652[0m
[0mGET /css/style.css [33m404[0m 6.252 ms - 152[0m
[0mGET /images/logo.png [33m404[0m 4.877 ms - 154[0m
[0mGET /Homesvg.svg [33m404[0m 7.807 ms - 150[0m
[0mGET /online_image.png [33m404[0m 6.215 ms - 155[0m
[0mGET /meeting_logo.png [33m404[0m 9.966 ms - 155[0m
[0mGET /discussion_logo.png [33m404[0m 11.693 ms - 158[0m
[0mGET /main_info.jpg [33m404[0m 6.416 ms - 152[0m
[0mGET /css/style.css [33m404[0m 2.489 ms - 152[0m
[0mGET /img/svg/arrow_left.svg [33m404[0m 3.018 ms - 161[0m
[0mGET /img/svg/arrow_right.svg [33m404[0m 5.639 ms - 162[0m
[0mGET / [36m304[0m 35.297 ms - -[0m
[0mGET /css/style.css [33m404[0m 5.072 ms - 152[0m
[0mGET /images/logo.png [33m404[0m 3.987 ms - 154[0m
[0mGET /Homesvg.svg [33m404[0m 5.210 ms - 150[0m
[0mGET /online_image.png [33m404[0m 3.811 ms - 155[0m
[0mGET /meeting_logo.png [33m404[0m 4.692 ms - 155[0m
[0mGET /discussion_logo.png [33m404[0m 6.316 ms - 158[0m
[0mGET /UI_1.jpeg [33m404[0m 5.169 ms - 148[0m
[0mGET /UI_2.jpeg [33m404[0m 10.065 ms - 148[0m
[0mGET /UI_3.jpeg [33m404[0m 18.677 ms - 148[0m
[0mGET /meeting_logo.png [33m404[0m 3.302 ms - 155[0m
[0mGET /discussion_logo.png [33m404[0m 4.470 ms - 158[0m
[0mGET /UI_1.jpeg [33m404[0m 3.257 ms - 148[0m
[0mGET /UI_2.jpeg [33m404[0m 3.325 ms - 148[0m
[0mGET /UI_3.jpeg [33m404[0m 3.166 ms - 148[0m
[0mGET /main_info.jpg [33m404[0m 3.418 ms - 152[0m
[0mGET /css/style.css [33m404[0m 2.836 ms - 152[0m
[0mGET /img/svg/arrow_left.svg [33m404[0m 3.638 ms - 161[0m
[0mGET /img/svg/arrow_right.svg [33m404[0m 3.563 ms - 162[0m
[0mGET / [32m200[0m 15.518 ms - 15652[0m
[0mGET /css/style.css [33m404[0m 3.398 ms - 152[0m
[0mGET /images/logo.png [33m404[0m 10.136 ms - 154[0m
[0mGET /Homesvg.svg [33m404[0m 8.637 ms - 150[0m
[0mGET /meeting_logo.png [33m404[0m 18.430 ms - 155[0m
[0mGET /UI_2.jpeg [33m404[0m 7.683 ms - 148[0m
[0mGET /main_info.jpg [33m404[0m 3.142 ms - 152[0m
[0mGET /css/style.css [33m404[0m 2.958 ms - 152[0m
[0mGET /img/svg/arrow_left.svg [33m404[0m 6.565 ms - 161[0m
[0mGET /img/svg/arrow_right.svg [33m404[0m 6.247 ms - 162[0m
[0mGET / [32m200[0m 6.856 ms - 15651[0m
[0mGET /css/style.css [33m404[0m 9.187 ms - 152[0m
[0mGET /meeting_logo.png [33m404[0m 30.538 ms - 155[0m
[0mGET /images/logo.png [33m404[0m 35.524 ms - 154[0m
[0mGET /UI_2.jpeg [33m404[0m 4.289 ms - 148[0m
[0mGET /UI_3.jpeg [33m404[0m 6.599 ms - 148[0m
[0mGET /css/style.css [33m404[0m 2.490 ms - 152[0m
[0mGET /img/svg/arrow_left.svg [33m404[0m 3.354 ms - 161[0m
[0mGET /img/svg/arrow_right.svg [33m404[0m 4.269 ms - 162[0m
[0mGET / [32m200[0m 6.875 ms - 15651[0m
[0mGET /css/style.css [33m404[0m 2.984 ms - 152[0m
[0mGET /images/logo.png [33m404[0m 6.305 ms - 154[0m
[0mGET /Homesvg.svg [33m404[0m 5.587 ms - 150[0m
[0mGET /online_image.png [33m404[0m 6.498 ms - 155[0m
[0mGET /meeting_logo.png [33m404[0m 9.463 ms - 155[0m
[0mGET /discussion_logo.png [33m404[0m 11.929 ms - 158[0m
[0mGET /UI_2.jpeg [33m404[0m 22.860 ms - 148[0m
[0mGET /css/style.css [33m404[0m 2.571 ms - 152[0m
[0mGET /img/svg/arrow_left.svg [33m404[0m 5.667 ms - 161[0m
[0mGET /img/svg/arrow_right.svg [33m404[0m 7.268 ms - 162[0m
[0mGET / [32m200[0m 8.257 ms - 15651[0m
[0mGET /css/style.css [33m404[0m 6.260 ms - 152[0m
[0mGET /images/logo.png [33m404[0m 18.791 ms - 154[0m
[0mGET /Homesvg.svg [33m404[0m 22.744 ms - 150[0m
[0mGET /UI_3.jpeg [33m404[0m 16.255 ms - 148[0m
[0mGET /UI_2.jpeg [33m404[0m 17.752 ms - 148[0m
[0mGET /css/style.css [33m404[0m 4.940 ms - 152[0m
[0mGET /img/svg/arrow_left.svg [33m404[0m 3.172 ms - 161[0m
[0mGET /img/svg/arrow_right.svg [33m404[0m 5.729 ms - 162[0m
[0mGET / [32m200[0m 12.769 ms - 15647[0m
[0mGET /style.css [33m404[0m 2.995 ms - 148[0m
[0mGET /images/logo.png [33m404[0m 26.568 ms - 154[0m
[0mGET /Homesvg.svg [33m404[0m 16.525 ms - 150[0m
[0mGET /UI_1.jpeg [33m404[0m 13.202 ms - 148[0m
[0mGET /UI_2.jpeg [33m404[0m 13.452 ms - 148[0m
[0mGET /style.css [33m404[0m 2.966 ms - 148[0m
[0mGET /img/svg/arrow_left.svg [33m404[0m 3.524 ms - 161[0m
[0mGET /img/svg/arrow_right.svg [33m404[0m 4.664 ms - 162[0m
[0mGET / [32m200[0m 13.127 ms - 15652[0m
[0mGET /images/logo.png [33m404[0m 15.492 ms - 154[0m
[0mGET /Homesvg.svg [33m404[0m 16.142 ms - 150[0m
[0mGET /discussion_logo.png [33m404[0m 3.389 ms - 158[0m
[0mGET /UI_1.jpeg [33m404[0m 2.926 ms - 148[0m
[0mGET /UI_2.jpeg [33m404[0m 5.687 ms - 148[0m
[0mGET /UI_3.jpeg [33m404[0m 9.091 ms - 148[0m
[0mGET /images/logo.png [33m404[0m 2.573 ms - 154[0m
[0mGET /img/svg/arrow_left.svg [33m404[0m 3.489 ms - 161[0m
[0mGET /img/svg/arrow_right.svg [33m404[0m 4.563 ms - 162[0m
[0mGET / [32m200[0m 7.384 ms - 15652[0m
[0mGET /images/logo.png [33m404[0m 14.623 ms - 154[0m
[0mGET /Homesvg.svg [33m404[0m 14.756 ms - 150[0m
[0mGET /UI_1.jpeg [33m404[0m 8.300 ms - 148[0m
[0mGET /UI_2.jpeg [33m404[0m 13.102 ms - 148[0m
[0mGET /images/logo.png [33m404[0m 2.450 ms - 154[0m
[0mGET /img/svg/arrow_left.svg [33m404[0m 3.145 ms - 161[0m
[0mGET /img/svg/arrow_right.svg [33m404[0m 5.923 ms - 162[0m
[0mGET / [32m200[0m 5.574 ms - 15652[0m
[0mGET /css/style.css [33m404[0m 2.784 ms - 152[0m
[0mGET /images/logo.png [33m404[0m 10.982 ms - 154[0m
[0mGET /Homesvg.svg [33m404[0m 9.996 ms - 150[0m
[0mGET /UI_1.jpeg [33m404[0m 2.853 ms - 148[0m
[0mGET /UI_2.jpeg [33m404[0m 4.930 ms - 148[0m
[0mGET /UI_3.jpeg [33m404[0m 9.125 ms - 148[0m
[0mGET /css/style.css [33m404[0m 2.744 ms - 152[0m
[0mGET /img/svg/arrow_left.svg [33m404[0m 15.166 ms - 161[0m
[0mGET /img/svg/arrow_right.svg [33m404[0m 4.092 ms - 162[0m
[0mGET / [36m304[0m 8.216 ms - -[0m
[0mGET /css/style.css [33m404[0m 5.034 ms - 152[0m
[0mGET /images/logo.png [33m404[0m 6.555 ms - 154[0m
[0mGET /Homesvg.svg [33m404[0m 7.949 ms - 150[0m
[0mGET /meeting_logo.png [33m404[0m 2.962 ms - 155[0m
[0mGET /discussion_logo.png [33m404[0m 2.767 ms - 158[0m
[0mGET /UI_1.jpeg [33m404[0m 3.003 ms - 148[0m
[0mGET /UI_2.jpeg [33m404[0m 9.535 ms - 148[0m
[0mGET /UI_3.jpeg [33m404[0m 12.006 ms - 148[0m
[0mGET /css/style.css [33m404[0m 2.980 ms - 152[0m
[0mGET /img/svg/arrow_left.svg [33m404[0m 2.923 ms - 161[0m
[0mGET /img/svg/arrow_right.svg [33m404[0m 3.918 ms - 162[0m
[0mGET / [32m200[0m 6.471 ms - 15652[0m
[0mGET /css/style.css [33m404[0m 7.202 ms - 152[0m
[0mGET /images/logo.png [33m404[0m 12.735 ms - 154[0m
[0mGET /Homesvg.svg [33m404[0m 12.011 ms - 150[0m
[0mGET /discussion_logo.png [33m404[0m 9.031 ms - 158[0m
[0mGET /UI_1.jpeg [33m404[0m 3.557 ms - 148[0m
[0mGET /UI_2.jpeg [33m404[0m 5.127 ms - 148[0m
[0mGET /UI_3.jpeg [33m404[0m 3.443 ms - 148[0m
[0mGET /main_info.jpg [33m404[0m 2.850 ms - 152[0m
[0mGET /css/style.css [33m404[0m 3.021 ms - 152[0m
[0mGET /img/svg/arrow_left.svg [33m404[0m 5.303 ms - 161[0m
[0mGET /img/svg/arrow_right.svg [33m404[0m 5.934 ms - 162[0m
[0mGET /css/style.css [33m404[0m 2.979 ms - 152[0m
[0mGET /css/mdb.min.css.map [33m404[0m 2.831 ms - 158[0m
[0mGET / [32m200[0m 4.603 ms - 15089[0m
[0mGET /css/style.css [33m404[0m 3.028 ms - 152[0m
[0mGET /images/logo.png [33m404[0m 4.801 ms - 154[0m
[0mGET /Homesvg.svg [33m404[0m 2.559 ms - 150[0m
[0mGET /online_image.png [33m404[0m 3.367 ms - 155[0m
[0mGET /meeting_logo.png [33m404[0m 7.665 ms - 155[0m
[0mGET /discussion_logo.png [33m404[0m 7.610 ms - 158[0m
[0mGET /UI_1.jpeg [33m404[0m 3.478 ms - 148[0m
[0mGET /UI_2.jpeg [33m404[0m 3.287 ms - 148[0m
[0mGET /UI_3.jpeg [33m404[0m 3.240 ms - 148[0m
[0mGET /main_info.jpg [33m404[0m 2.457 ms - 152[0m
[0mGET /css/mdb.min.css.map [33m404[0m 3.890 ms - 158[0m
[0mGET /css/style.css [33m404[0m 2.564 ms - 152[0m
[0mGET /img/svg/arrow_left.svg [33m404[0m 3.601 ms - 161[0m
[0mGET /img/svg/arrow_right.svg [33m404[0m 8.075 ms - 162[0m
[0mGET / [32m200[0m 7.625 ms - 15089[0m
[0mGET /css/style.css [33m404[0m 8.461 ms - 152[0m
[0mGET /images/logo.png [33m404[0m 6.193 ms - 154[0m
[0mGET /Homesvg.svg [33m404[0m 6.957 ms - 150[0m
[0mGET /online_image.png [33m404[0m 6.014 ms - 155[0m
[0mGET /discussion_logo.png [33m404[0m 7.498 ms - 158[0m
[0mGET /UI_1.jpeg [33m404[0m 5.140 ms - 148[0m
[0mGET /UI_3.jpeg [33m404[0m 4.746 ms - 148[0m
[0mGET /main_info.jpg [33m404[0m 4.002 ms - 152[0m
[0mGET /css/style.css [33m404[0m 4.523 ms - 152[0m
[0mGET /img/svg/arrow_left.svg [33m404[0m 3.891 ms - 161[0m
[0mGET /img/svg/arrow_right.svg [33m404[0m 2.700 ms - 162[0m
[0mGET / [32m200[0m 10.377 ms - 25411[0m
[0mGET /images/logo.png [33m404[0m 9.209 ms - 154[0m
[0mGET /Homesvg.svg [33m404[0m 8.886 ms - 150[0m
[0mGET /discussion_logo.png [33m404[0m 8.670 ms - 158[0m
[0mGET /UI_1.jpeg [33m404[0m 6.772 ms - 148[0m
[0mGET /UI_2.jpeg [33m404[0m 2.556 ms - 148[0m
[0mGET /UI_3.jpeg [33m404[0m 3.540 ms - 148[0m
[0mGET /main_info.jpg [33m404[0m 3.090 ms - 152[0m
[0mGET /img/svg/arrow_left.svg [33m404[0m 4.262 ms - 161[0m
[0mGET /img/svg/arrow_right.svg [33m404[0m 4.993 ms - 162[0m
[0mGET / [32m200[0m 6.366 ms - 25411[0m
[0mGET /images/logo.png [33m404[0m 2.814 ms - 154[0m
[0mGET /Homesvg.svg [33m404[0m 4.919 ms - 150[0m
[0mGET /online_image.png [33m404[0m 7.633 ms - 155[0m
[0mGET /discussion_logo.png [33m404[0m 4.603 ms - 158[0m
[0mGET /UI_1.jpeg [33m404[0m 4.110 ms - 148[0m
[0mGET /UI_2.jpeg [33m404[0m 4.205 ms - 148[0m
[0mGET /UI_3.jpeg [33m404[0m 3.802 ms - 148[0m
[0mGET /main_info.jpg [33m404[0m 4.852 ms - 152[0m
[0mGET /img/svg/arrow_left.svg [33m404[0m 5.191 ms - 161[0m
[0mGET /img/svg/arrow_right.svg [33m404[0m 5.384 ms - 162[0m
[0mGET / [32m200[0m 8.773 ms - 24845[0m
[0mGET /images/logo.png [33m404[0m 3.417 ms - 154[0m
[0mGET /Homesvg.svg [33m404[0m 4.524 ms - 150[0m
[0mGET /online_image.png [33m404[0m 6.886 ms - 155[0m
[0mGET /discussion_logo.png [33m404[0m 3.830 ms - 158[0m
[0mGET /UI_1.jpeg [33m404[0m 3.902 ms - 148[0m
[0mGET /UI_2.jpeg [33m404[0m 5.596 ms - 148[0m
[0mGET /UI_3.jpeg [33m404[0m 3.064 ms - 148[0m
[0mGET /main_info.jpg [33m404[0m 3.751 ms - 152[0m
[0mGET /img/svg/arrow_left.svg [33m404[0m 12.728 ms - 161[0m
[0mGET /img/svg/arrow_right.svg [33m404[0m 3.960 ms - 162[0m
[0mGET /contact_bg2.jpg [33m404[0m 3.040 ms - 154[0m
[0mGET / [32m200[0m 5.797 ms - 25194[0m
[0mGET /discussion_logo.png [33m404[0m 13.600 ms - 158[0m
[0mGET /images/logo.png [33m404[0m 13.055 ms - 154[0m
[0mGET /Homesvg.svg [33m404[0m 2.667 ms - 150[0m
[0mGET /UI_1.jpeg [33m404[0m 6.579 ms - 148[0m
[0mGET /UI_2.jpeg [33m404[0m 4.461 ms - 148[0m
[0mGET /UI_3.jpeg [33m404[0m 6.855 ms - 148[0m
[0mGET /img/svg/arrow_left.svg [33m404[0m 8.396 ms - 161[0m
[0mGET /img/svg/arrow_right.svg [33m404[0m 4.748 ms - 162[0m
[0mGET /contact_bg2.jpg [33m404[0m 2.526 ms - 154[0m
[0mGET / [32m200[0m 7.392 ms - 25194[0m
[0mGET /images/logo.png [33m404[0m 3.731 ms - 154[0m
[0mGET /Homesvg.svg [33m404[0m 5.182 ms - 150[0m
[0mGET /online_image.png [33m404[0m 5.138 ms - 155[0m
[0mGET /meeting_logo.png [33m404[0m 4.462 ms - 155[0m
[0mGET /discussion_logo.png [33m404[0m 2.750 ms - 158[0m
[0mGET /UI_1.jpeg [33m404[0m 5.278 ms - 148[0m
[0mGET /UI_2.jpeg [33m404[0m 5.333 ms - 148[0m
[0mGET /UI_3.jpeg [33m404[0m 3.356 ms - 148[0m
[0mGET /main_info.jpg [33m404[0m 3.873 ms - 152[0m
[0mGET /img/svg/arrow_left.svg [33m404[0m 2.836 ms - 161[0m
[0mGET /img/svg/arrow_right.svg [33m404[0m 3.964 ms - 162[0m
[0mGET /contact_bg2.jpg [33m404[0m 7.801 ms - 154[0m
[0mGET / [32m200[0m 19.040 ms - 25411[0m
[0mGET /images/logo.png [33m404[0m 2.360 ms - 154[0m
[0mGET /Homesvg.svg [33m404[0m 3.337 ms - 150[0m
[0mGET /online_image.png [33m404[0m 4.942 ms - 155[0m
[0mGET /meeting_logo.png [33m404[0m 2.906 ms - 155[0m
[0mGET /discussion_logo.png [33m404[0m 4.434 ms - 158[0m
[0mGET /UI_1.jpeg [33m404[0m 6.440 ms - 148[0m
[0mGET /UI_2.jpeg [33m404[0m 10.844 ms - 148[0m
[0mGET /UI_3.jpeg [33m404[0m 3.882 ms - 148[0m
[0mGET /main_info.jpg [33m404[0m 3.204 ms - 152[0m
[0mGET /img/svg/arrow_left.svg [33m404[0m 4.357 ms - 161[0m
[0mGET /img/svg/arrow_right.svg [33m404[0m 8.937 ms - 162[0m
[0mGET / [32m200[0m 5.792 ms - 25292[0m
[0mGET /images/logo.png [33m404[0m 2.872 ms - 154[0m
[0mGET /Homesvg.svg [33m404[0m 7.171 ms - 150[0m
[0mGET /online_image.png [33m404[0m 9.391 ms - 155[0m
[0mGET /meeting_logo.png [33m404[0m 17.313 ms - 155[0m
[0mGET /UI_3.jpeg [33m404[0m 11.253 ms - 148[0m
[0mGET /img/svg/arrow_left.svg [33m404[0m 3.566 ms - 161[0m
[0mGET /img/svg/arrow_right.svg [33m404[0m 3.917 ms - 162[0m
[0mGET /contact_bg2.jpg [33m404[0m 5.085 ms - 154[0m
[0mGET / [32m200[0m 12.790 ms - 25292[0m
[0mGET /images/logo.png [33m404[0m 3.778 ms - 154[0m
[0mGET /Homesvg.svg [33m404[0m 5.047 ms - 150[0m
[0mGET /online_image.png [33m404[0m 3.298 ms - 155[0m
[0mGET /meeting_logo.png [33m404[0m 3.784 ms - 155[0m
[0mGET /discussion_logo.png [33m404[0m 5.947 ms - 158[0m
[0mGET /UI_1.jpeg [33m404[0m 10.022 ms - 148[0m
[0mGET /UI_3.jpeg [33m404[0m 4.007 ms - 148[0m
[0mGET /main_info.jpg [33m404[0m 2.898 ms - 152[0m
[0mGET /img/svg/arrow_left.svg [33m404[0m 5.444 ms - 161[0m
[0mGET /img/svg/arrow_right.svg [33m404[0m 6.186 ms - 162[0m
[0mGET /contact_bg2.jpg [33m404[0m 3.135 ms - 154[0m
[0mGET / [32m200[0m 10.113 ms - 25075[0m
[0mGET /discussion_logo.png [33m404[0m 13.509 ms - 158[0m
[0mGET /images/logo.png [33m404[0m 13.080 ms - 154[0m
[0mGET /Homesvg.svg [33m404[0m 2.714 ms - 150[0m
[0mGET /UI_1.jpeg [33m404[0m 3.152 ms - 148[0m
[0mGET /UI_2.jpeg [33m404[0m 5.190 ms - 148[0m
[0mGET /UI_3.jpeg [33m404[0m 10.261 ms - 148[0m
[0mGET /img/svg/arrow_left.svg [33m404[0m 10.587 ms - 161[0m
[0mGET /img/svg/arrow_right.svg [33m404[0m 3.187 ms - 162[0m
[0mGET /contact_bg2.jpg [33m404[0m 2.335 ms - 154[0m
[0mGET / [32m200[0m 10.331 ms - 25292[0m
[0mGET /images/logo.png [33m404[0m 2.981 ms - 154[0m
[0mGET /Homesvg.svg [33m404[0m 4.553 ms - 150[0m
[0mGET /online_image.png [33m404[0m 12.681 ms - 155[0m
[0mGET /meeting_logo.png [33m404[0m 30.234 ms - 155[0m
[0mGET /discussion_logo.png [33m404[0m 19.710 ms - 158[0m
[0mGET /main_info.jpg [33m404[0m 16.649 ms - 152[0m
[0mGET /img/svg/arrow_left.svg [33m404[0m 5.256 ms - 161[0m
[0mGET /img/svg/arrow_right.svg [33m404[0m 5.233 ms - 162[0m
[0mGET / [32m200[0m 12.135 ms - 22771[0m
[0mGET /images/logo.png [33m404[0m 3.705 ms - 154[0m
[0mGET /Homesvg.svg [33m404[0m 5.091 ms - 150[0m
[0mGET /online_image.png [33m404[0m 7.284 ms - 155[0m
[0mGET /meeting_logo.png [33m404[0m 10.415 ms - 155[0m
[0mGET /UI_1.jpeg [33m404[0m 3.536 ms - 148[0m
[0mGET /UI_2.jpeg [33m404[0m 5.031 ms - 148[0m
[0mGET /UI_3.jpeg [33m404[0m 5.480 ms - 148[0m
[0mGET /main_info.jpg [33m404[0m 9.745 ms - 152[0m
[0mGET /img/svg/arrow_left.svg [33m404[0m 10.792 ms - 161[0m
[0mGET / [32m200[0m 7.546 ms - 22779[0m
[0mGET /images/logo.png [33m404[0m 7.675 ms - 154[0m
[0mGET /meeting_logo.png [33m404[0m 6.762 ms - 155[0m
[0mGET /online_image.png [33m404[0m 8.279 ms - 155[0m
[0mGET /UI_1.jpeg [33m404[0m 6.128 ms - 148[0m
[0mGET /UI_2.jpeg [33m404[0m 6.182 ms - 148[0m
[0mGET /UI_3.jpeg [33m404[0m 10.666 ms - 148[0m
[0mGET /main_info.jpg [33m404[0m 7.421 ms - 152[0m
[0mGET /img/svg/arrow_left.svg [33m404[0m 3.905 ms - 161[0m
[0mGET /img/svg/arrow_right.svg [33m404[0m 4.934 ms - 162[0m
[0mGET / [32m200[0m 8.598 ms - 22787[0m
[0mGET /images/logo.png [33m404[0m 10.603 ms - 154[0m
[0mGET /meeting_logo.png [33m404[0m 8.182 ms - 155[0m
[0mGET /discussion_logo.png [33m404[0m 4.455 ms - 158[0m
[0mGET /UI_1.jpeg [33m404[0m 3.000 ms - 148[0m
[0mGET /UI_2.jpeg [33m404[0m 5.717 ms - 148[0m
[0mGET /UI_3.jpeg [33m404[0m 5.734 ms - 148[0m
[0mGET /img/svg/arrow_left.svg [33m404[0m 3.178 ms - 161[0m
[0mGET /img/svg/arrow_right.svg [33m404[0m 3.906 ms - 162[0m
[0mGET / [32m200[0m 6.193 ms - 22811[0m
[0mGET /images/logo.png [33m404[0m 4.248 ms - 154[0m
[0mGET /UI_1.jpeg [33m404[0m 2.785 ms - 148[0m
[0mGET /img/svg/arrow_left.svg [33m404[0m 3.551 ms - 161[0m
[0mGET /img/svg/arrow_right.svg [33m404[0m 5.665 ms - 162[0m
[0mGET /UI_2.jpeg [33m404[0m 5.021 ms - 148[0m
[0mGET /UI_3.jpeg [33m404[0m 5.050 ms - 148[0m
[0mGET / [32m200[0m 10.293 ms - 22835[0m
[0mGET /images/logo.png [33m404[0m 2.401 ms - 154[0m
[0mGET /img/svg/arrow_left.svg [33m404[0m 3.700 ms - 161[0m
[0mGET /img/svg/arrow_right.svg [33m404[0m 3.389 ms - 162[0m
[0mGET /users/signIn [36m304[0m 12.375 ms - -[0m
[0mPOST /users/create_session [36m302[0m 21.020 ms - 46[0m
[0mGET / [32m200[0m 23.017 ms - 30499[0m
[0mGET /images/logo.png [33m404[0m 14.584 ms - 154[0m
[0mGET /img/svg/arrow_left.svg [33m404[0m 11.050 ms - 161[0m
[0mGET /img/svg/arrow_right.svg [33m404[0m 11.694 ms - 162[0m
[0mGET /users/SignOut [36m302[0m 12.405 ms - 46[0m
[0mGET / [32m200[0m 11.511 ms - 23038[0m
[0mGET /images/logo.png [33m404[0m 6.989 ms - 154[0m
[0mGET /img/svg/arrow_left.svg [33m404[0m 2.643 ms - 161[0m
[0mGET /img/svg/arrow_right.svg [33m404[0m 3.849 ms - 162[0m
[0mGET / [32m200[0m 12.835 ms - 22646[0m
[0mGET /images/logo.png [33m404[0m 8.847 ms - 154[0m
[0mGET /img/svg/arrow_left.svg [33m404[0m 3.773 ms - 161[0m
[0mGET /img/svg/arrow_right.svg [33m404[0m 6.205 ms - 162[0m
[0mGET /users/signIn [36m304[0m 9.444 ms - -[0m
[0mPOST /users/create_session [36m302[0m 7.277 ms - 46[0m
[0mGET / [32m200[0m 15.368 ms - 30294[0m
[0mGET /images/logo.png [33m404[0m 6.339 ms - 154[0m
[0mGET / [32m200[0m 13.986 ms - 30294[0m
[0mGET /images/logo.png [33m404[0m 10.811 ms - 154[0m
[0mGET /img/svg/arrow_left.svg [33m404[0m 10.519 ms - 161[0m
[0mGET /img/svg/arrow_right.svg [33m404[0m 12.520 ms - 162[0m
[0mGET /users/signIn [36m302[0m 7.066 ms - 46[0m
[0mGET / [36m304[0m 16.315 ms - -[0m
[0mGET /images/logo.png [33m404[0m 13.864 ms - 154[0m
[0mGET /img/svg/arrow_left.svg [33m404[0m 9.089 ms - 161[0m
[0mGET /img/svg/arrow_right.svg [33m404[0m 7.900 ms - 162[0m
[0mGET / [32m200[0m 16.927 ms - 30294[0m
[0mGET /images/logo.png [33m404[0m 5.768 ms - 154[0m
[0mGET /img/svg/arrow_left.svg [33m404[0m 6.259 ms - 161[0m
[0mGET /img/svg/arrow_right.svg [33m404[0m 11.847 ms - 162[0m
[0mGET /css/mdb.min.css.map [33m404[0m 7.932 ms - 158[0m
[0mGET / [32m200[0m 12.403 ms - 30338[0m
[0mGET /images/logo.png [33m404[0m 5.794 ms - 154[0m
[0mGET /img/svg/arrow_left.svg [33m404[0m 11.797 ms - 161[0m
[0mGET /img/svg/arrow_right.svg [33m404[0m 13.835 ms - 162[0m
[0mGET /css/mdb.min.css.map [33m404[0m 4.777 ms - 158[0m
[0mGET /users/signIn [36m302[0m 10.494 ms - 46[0m
[0mGET / [36m304[0m 13.767 ms - -[0m
[0mGET /images/logo.png [33m404[0m 12.470 ms - 154[0m
[0mGET /img/svg/arrow_left.svg [33m404[0m 8.419 ms - 161[0m
[0mGET /img/svg/arrow_right.svg [33m404[0m 7.909 ms - 162[0m
[0mGET / [32m200[0m 19.211 ms - 30294[0m
[0mGET /images/logo.png [33m404[0m 10.267 ms - 154[0m
[0mGET /img/svg/arrow_left.svg [33m404[0m 9.054 ms - 161[0m
[0mGET /img/svg/arrow_right.svg [33m404[0m 5.991 ms - 162[0m
[0mGET / [32m200[0m 18.011 ms - 30294[0m
[0mGET /images/logo.png [33m404[0m 9.879 ms - 154[0m
[0mGET /img/svg/arrow_left.svg [33m404[0m 5.517 ms - 161[0m
[0mGET /img/svg/arrow_right.svg [33m404[0m 5.723 ms - 162[0m
[0mGET /css/mdb.min.css.map [33m404[0m 5.447 ms - 158[0m
[0mGET / [36m304[0m 22.360 ms - -[0m
[0mGET /images/logo.png [33m404[0m 10.524 ms - 154[0m
[0mGET /css/mdb.min.css.map [33m404[0m 5.503 ms - 158[0m
[0mGET /img/svg/arrow_left.svg [33m404[0m 10.727 ms - 161[0m
[0mGET /img/svg/arrow_right.svg [33m404[0m 11.798 ms - 162[0m
[0mGET / [36m304[0m 21.606 ms - -[0m
[0mGET /images/logo.png [33m404[0m 4.593 ms - 154[0m
[0mGET /css/mdb.min.css.map [33m404[0m 5.543 ms - 158[0m
[0mGET /img/svg/arrow_left.svg [33m404[0m 8.152 ms - 161[0m
[0mGET /img/svg/arrow_right.svg [33m404[0m 9.773 ms - 162[0m
[0mGET / [36m304[0m 23.320 ms - -[0m
[0mGET /images/logo.png [33m404[0m 10.917 ms - 154[0m
[0mGET /css/mdb.min.css.map [33m404[0m 6.306 ms - 158[0m
[0mGET /users/SignOut [36m302[0m 12.342 ms - 46[0m
[0mGET / [32m200[0m 6.143 ms - 22849[0m
[0mGET /images/logo.png [33m404[0m 5.375 ms - 154[0m
[0mGET /css/mdb.min.css.map [33m404[0m 1.926 ms - 158[0m
[0mGET / [32m200[0m 4.802 ms - 22563[0m
[0mGET /images/logo.png [33m404[0m 2.608 ms - 154[0m
[0mGET /img/svg/arrow_left.svg [33m404[0m 4.961 ms - 161[0m
[0mGET /img/svg/arrow_right.svg [33m404[0m 5.784 ms - 162[0m
[0mGET / [36m304[0m 17.680 ms - -[0m
[0mGET /images/logo.png [33m404[0m 8.821 ms - 154[0m
[0mGET /users/signIn [32m200[0m 7.336 ms - 3550[0m
[0mPOST /users/create_session [36m302[0m 7.730 ms - 46[0m
[0mGET / [32m200[0m 14.121 ms - 30148[0m
[0mGET /images/logo.png [33m404[0m 7.838 ms - 154[0m
[0mGET /users/SignOut [36m302[0m 7.800 ms - 46[0m
[0mGET / [32m200[0m 5.449 ms - 22766[0m
[0mGET /images/logo.png [33m404[0m 4.026 ms - 154[0m
[0mGET /organizations/register [33m404[0m 3.862 ms - 161[0m
[0mGET / [32m200[0m 9.635 ms - 22557[0m
[0mGET /images/logo.png [33m404[0m 5.404 ms - 154[0m
[0mGET /img/svg/arrow_left.svg [33m404[0m 2.917 ms - 161[0m
[0mGET /img/svg/arrow_right.svg [33m404[0m 3.576 ms - 162[0m
[0mGET /users/signUp [36m304[0m 8.897 ms - -[0m
[0mGET /users/signUp [36m304[0m 9.552 ms - -[0m
[0mGET /users/auth/google [36m302[0m 13.775 ms - 0[0m
[0mGET /users/auth/google/callback?code=4%2F0AX4XfWjhQ9IITXu6yrpT7SlmiHgNAjpuHqV0wKdmZPXgtxpf9pRBNl2jxnqKtfsyz2tRSw&scope=email+profile+https%3A%2F%2Fwww.googleapis.com%2Fauth%2Fuserinfo.profile+https%3A%2F%2Fwww.googleapis.com%2Fauth%2Fuserinfo.email+openid&authuser=0&prompt=consent [36m302[0m 1028.802 ms - 46[0m
[0mGET / [32m200[0m 17.537 ms - 30142[0m
[0mGET /images/logo.png [33m404[0m 10.197 ms - 154[0m
[0mGET /img/svg/arrow_left.svg [33m404[0m 10.027 ms - 161[0m
[0mGET /img/svg/arrow_right.svg [33m404[0m 10.957 ms - 162[0m
[0mGET /css/mdb.min.css.map [33m404[0m 7.654 ms - 158[0m
[0mGET / [32m200[0m 15.211 ms - 30140[0m
[0mGET /img/svg/arrow_left.svg [33m404[0m 6.786 ms - 161[0m
[0mGET /img/svg/arrow_right.svg [33m404[0m 9.460 ms - 162[0m
[0mGET /css/mdb.min.css.map [33m404[0m 6.433 ms - 158[0m
[0mGET / [36m304[0m 23.038 ms - -[0m
[0mGET /img/svg/arrow_left.svg [33m404[0m 8.070 ms - 161[0m
[0mGET /img/svg/arrow_right.svg [33m404[0m 10.998 ms - 162[0m
[0mGET / [32m200[0m 12.997 ms - 29948[0m
[0mGET /img/svg/arrow_left.svg [33m404[0m 6.602 ms - 161[0m
[0mGET /img/svg/arrow_right.svg [33m404[0m 7.599 ms - 162[0m
[0mGET / [36m304[0m 19.014 ms - -[0m
[0mGET /img/svg/arrow_left.svg [33m404[0m 10.959 ms - 161[0m
[0mGET /img/svg/arrow_right.svg [33m404[0m 11.594 ms - 162[0m
[0mGET / [32m200[0m 19.257 ms - 22656[0m
[0mGET / [32m200[0m 20.510 ms - 22656[0m
[0mGET /css/mdb.min.css.map [33m404[0m 6.442 ms - 158[0m
[0mGET / [36m304[0m 17.568 ms - -[0m
[0mGET / [32m200[0m 20.221 ms - 22439[0m
[0mGET / [32m200[0m 26.921 ms - 22439[0m
[0mGET /users/SignOut [36m302[0m 10.532 ms - 46[0m
[0mGET / [32m200[0m 7.488 ms - 21678[0m
[0mGET /img/svg/arrow_left.svg [33m404[0m 3.787 ms - 161[0m
[0mGET /img/svg/arrow_right.svg [33m404[0m 5.034 ms - 162[0m
[0mGET / [32m200[0m 9.875 ms - 21692[0m
[0mGET /img/svg/arrow_left.svg [33m404[0m 8.915 ms - 161[0m
[0mGET /img/svg/arrow_right.svg [33m404[0m 9.180 ms - 162[0m
[0mGET / [36m304[0m 13.453 ms - -[0m
[0mGET /img/svg/arrow_left.svg [33m404[0m 4.615 ms - 161[0m
[0mGET /img/svg/arrow_right.svg [33m404[0m 5.322 ms - 162[0m
[0mGET /css/mdb.min.css.map [33m404[0m 3.575 ms - 158[0m
[0mGET / [32m200[0m 7.618 ms - 21377[0m
[0mGET /css/mdb.min.css.map [33m404[0m 2.813 ms - 158[0m
[0mGET /img/svg/arrow_left.svg [33m404[0m 4.673 ms - 161[0m
[0mGET /img/svg/arrow_right.svg [33m404[0m 3.535 ms - 162[0m
[0mGET /users/signIn [36m304[0m 11.110 ms - -[0m
[0mPOST /users/create_session [36m302[0m 6.784 ms - 46[0m
[0mGET / [32m200[0m 19.463 ms - 22341[0m
[0mGET / [32m200[0m 18.619 ms - 22118[0m
[0mGET / [36m304[0m 26.133 ms - -[0m
[0mGET / [32m200[0m 21.844 ms - 22144[0m
[0mGET / [36m304[0m 23.174 ms - -[0m
[0mGET /css/mdb.min.css.map [33m404[0m 5.609 ms - 158[0m
[0mGET / [32m200[0m 13.717 ms - 22341[0m
[0mGET / [32m200[0m 20.658 ms - 22124[0m
[0mGET / [36m304[0m 21.652 ms - -[0m
[0mGET / [36m304[0m 21.656 ms - -[0m
[0mGET /users/SignOut [36m302[0m 6.525 ms - 46[0m
[0mGET / [32m200[0m 6.510 ms - 21363[0m
[0mGET /img/svg/arrow_left.svg [33m404[0m 2.945 ms - 161[0m
[0mGET /img/svg/arrow_right.svg [33m404[0m 3.751 ms - 162[0m
[0mGET /users/signUp [36m304[0m 6.452 ms - -[0m
[0mGET / [32m200[0m 6.684 ms - 21160[0m
[0mGET / [32m200[0m 9.152 ms - 21377[0m
[0mGET / [32m200[0m 6.755 ms - 21104[0m
[0mGET /img/svg/arrow_left.svg [33m404[0m 3.138 ms - 161[0m
[0mGET /img/svg/arrow_right.svg [33m404[0m 5.249 ms - 162[0m
[0mGET / [32m200[0m 12.272 ms - 21377[0m
[0mGET /img/svg/arrow_left.svg [33m404[0m 3.266 ms - 161[0m
[0mGET /img/svg/arrow_right.svg [33m404[0m 4.145 ms - 162[0m
[0mGET /users/signIn [36m304[0m 5.665 ms - -[0m
[0mPOST /users/create_session [36m302[0m 6.674 ms - 46[0m
[0mGET / [32m200[0m 16.439 ms - 22341[0m
[0mGET / [36m304[0m 19.801 ms - -[0m
[0mGET / [36m304[0m 21.133 ms - -[0m
[0mGET / [32m200[0m 20.111 ms - 22358[0m
[0mGET / [36m304[0m 20.419 ms - -[0m
[0mGET /users/mailservices [33m404[0m 7.642 ms - 157[0m
[0mGET /users/mailservices [33m404[0m 7.066 ms - 157[0m
[0mGET /users/mailservices [33m404[0m 12.431 ms - 157[0m
[0mGET /users/mailservices [33m404[0m 9.741 ms - 157[0m
[0mGET / [36m304[0m 21.612 ms - -[0m
[0mGET /css/mdb.min.css.map [33m404[0m 5.377 ms - 158[0m
[0mGET /users/mailservices [33m404[0m 6.250 ms - 157[0m
[0mGET / [31m500[0m 37.597 ms - 2757[0m
[0mGET / [31m500[0m 26.011 ms - 2757[0m
[0mGET / [31m500[0m 15.360 ms - 2757[0m
[0mGET / [32m200[0m 23.351 ms - 20083[0m
[0mGET /img/svg/arrow_left.svg [33m404[0m 12.512 ms - 161[0m
[0mGET /img/svg/arrow_right.svg [33m404[0m 13.387 ms - 162[0m
[0mGET /users/mailservices [32m200[0m 27.080 ms - 11952[0m
[0mGET / [32m200[0m 9.466 ms - 19809[0m
[0mGET /img/svg/arrow_left.svg [33m404[0m 12.103 ms - 161[0m
[0mGET /img/svg/arrow_right.svg [33m404[0m 12.648 ms - 162[0m
[0mGET / [32m200[0m 7.800 ms - 19811[0m
[0mGET /img/svg/arrow_left.svg [33m404[0m 9.247 ms - 161[0m
[0mGET /img/svg/arrow_right.svg [33m404[0m 9.173 ms - 162[0m
[0mGET / [32m200[0m 6.869 ms - 19826[0m
[0mGET /img/svg/arrow_left.svg [33m404[0m 8.577 ms - 161[0m
[0mGET /img/svg/arrow_right.svg [33m404[0m 10.993 ms - 162[0m
[0mGET /users/mailservices [36m304[0m 17.682 ms - -[0m
[0mGET /users/SignOut [36m302[0m 24.630 ms - 46[0m
[0mGET / [32m200[0m 8.167 ms - 20138[0m
[0mGET /users/mailservices [36m302[0m 5.141 ms - 70[0m
[0mGET /users/signIn [36m304[0m 7.638 ms - -[0m
[0mGET /users/signUp [36m304[0m 7.067 ms - -[0m
[0mGET /users/signIn [36m304[0m 10.187 ms - -[0m
[0mGET /users/signUp [36m304[0m 11.687 ms - -[0m
[0mGET / [32m200[0m 7.362 ms - 19935[0m
[0mGET /users/signIn [36m304[0m 14.200 ms - -[0m
[0mPOST /users/create_session [36m302[0m 7.780 ms - 46[0m
[0mGET / [32m200[0m 11.530 ms - 19826[0m
[0mGET /users/signUp [36m302[0m 6.913 ms - 46[0m
[0mGET / [36m304[0m 11.131 ms - -[0m
[0mGET /img/svg/arrow_left.svg [33m404[0m 12.654 ms - 161[0m
[0mGET /img/svg/arrow_right.svg [33m404[0m 13.646 ms - 162[0m
[0mGET /css/mdb.min.css.map [33m404[0m 6.009 ms - 158[0m
[0mGET / [32m200[0m 7.874 ms - 19822[0m
[0mGET /css/mdb.min.css.map [33m404[0m 5.114 ms - 158[0m
[0mGET /img/svg/arrow_left.svg [33m404[0m 15.296 ms - 161[0m
[0mGET /img/svg/arrow_right.svg [33m404[0m 12.767 ms - 162[0m
[0mGET / [36m304[0m 11.067 ms - -[0m
[0mGET /css/mdb.min.css.map [33m404[0m 5.639 ms - 158[0m
[0mGET / [36m304[0m 7.832 ms - -[0m
[0mGET /css/mdb.min.css.map [33m404[0m 8.866 ms - 158[0m
[0mGET / [36m304[0m 6.928 ms - -[0m
[0mGET /css/mdb.min.css.map [33m404[0m 5.427 ms - 158[0m
[0mGET / [32m200[0m 10.187 ms - 19839[0m
[0mGET /css/mdb.min.css.map [33m404[0m 7.548 ms - 158[0m
[0mGET /img/svg/arrow_left.svg [33m404[0m 9.378 ms - 161[0m
[0mGET /img/svg/arrow_right.svg [33m404[0m 10.485 ms - 162[0m
[0mGET /users/mailservices [32m200[0m 18.496 ms - 11952[0m
[0mGET /css/mdb.min.css.map [33m404[0m 4.681 ms - 158[0m
[0mGET /users/mailservices [36m304[0m 31.028 ms - -[0m
[0mGET /css/mdb.min.css.map [33m404[0m 7.519 ms - 158[0m
[0mGET /users/mailservices [32m200[0m 17.492 ms - 10631[0m
[0mGET /css/mdb.min.css.map [33m404[0m 5.312 ms - 158[0m
[0mGET /users/mailservices [36m304[0m 27.920 ms - -[0m
[0mGET /css/mdb.min.css.map [33m404[0m 6.735 ms - 158[0m
[0mGET /users/mailservices [36m304[0m 23.479 ms - -[0m
[0mGET /css/mdb.min.css.map [33m404[0m 8.918 ms - 158[0m
[0mGET /users/mailservices [36m304[0m 16.737 ms - -[0m
[0mGET /users/mail/destroy/60d80215e8a2922988f650d1 [36m302[0m 26.890 ms - 124[0m
[0mGET /users/mailservices [32m200[0m 11.532 ms - 10707[0m
[0mGET /users/mailservices [32m200[0m 23.805 ms - 10513[0m
[0mGET /users/mailservices [36m304[0m 27.146 ms - -[0m
[0mGET /users/mailservices [36m304[0m 22.622 ms - -[0m
[0mGET /users/mailservices [36m304[0m 22.154 ms - -[0m
[0mPOST /users/create-mail [36m302[0m 35.027 ms - 46[0m
[0mGET / [32m200[0m 12.177 ms - 20119[0m
[0mGET /img/svg/arrow_left.svg [33m404[0m 10.147 ms - 161[0m
[0mGET /img/svg/arrow_right.svg [33m404[0m 10.966 ms - 162[0m
[0mGET /users/mailservices [32m200[0m 19.113 ms - 11578[0m
[0mGET /users/mailservices [36m304[0m 22.552 ms - -[0m
[0mPOST /users/create-mail [36m302[0m 20.463 ms - 46[0m
[0mGET / [36m304[0m 6.998 ms - -[0m
[0mGET /img/svg/arrow_left.svg [33m404[0m 11.720 ms - 161[0m
[0mGET /img/svg/arrow_right.svg [33m404[0m 12.933 ms - 162[0m
[0mGET /users/mailservices [32m200[0m 23.256 ms - 12643[0m
[0mPOST /users/create-mail [36m302[0m 20.625 ms - 46[0m
[0mGET / [36m304[0m 9.147 ms - -[0m
[0mGET /img/svg/arrow_left.svg [33m404[0m 12.810 ms - 161[0m
[0mGET /img/svg/arrow_right.svg [33m404[0m 13.646 ms - 162[0m
[0mPOST /users/create-mail [36m302[0m 15.573 ms - 46[0m
[0mGET / [36m304[0m 11.340 ms - -[0m
[0mGET /img/svg/arrow_left.svg [33m404[0m 11.759 ms - 161[0m
[0mGET /img/svg/arrow_right.svg [33m404[0m 11.737 ms - 162[0m
[0mGET /users/mailservices [32m200[0m 20.004 ms - 14773[0m
[0mPOST /users/create-mail [36m302[0m 19.474 ms - 46[0m
[0mGET / [36m304[0m 10.669 ms - -[0m
[0mGET /img/svg/arrow_left.svg [33m404[0m 14.100 ms - 161[0m
[0mGET /img/svg/arrow_right.svg [33m404[0m 15.254 ms - 162[0m
[0mGET /users/mailservices [32m200[0m 23.706 ms - 15807[0m
[0mGET /users/mail/destroy/60d832bdea79aa1b28ccccac [36m302[0m 22.544 ms - 124[0m
[0mGET /users/mailservices [32m200[0m 11.540 ms - 15883[0m
[0mGET /users/mailservices [32m200[0m 27.979 ms - 15689[0m
[0mGET /css/mdb.min.css.map [33m404[0m 5.387 ms - 158[0m
[0mGET / [32m200[0m 9.685 ms - 19839[0m
[0mGET /img/svg/arrow_left.svg [33m404[0m 9.886 ms - 161[0m
[0mGET /img/svg/arrow_right.svg [33m404[0m 9.562 ms - 162[0m
[0mGET / [32m200[0m 10.400 ms - 19839[0m
[0mGET /img/svg/arrow_left.svg [33m404[0m 16.436 ms - 161[0m
[0mGET /img/svg/arrow_right.svg [33m404[0m 18.635 ms - 162[0m
[0mGET /users/mailservices [36m304[0m 15.430 ms - -[0m
[0mGET /users/signUp [36m302[0m 7.564 ms - 46[0m
[0mGET / [36m304[0m 9.186 ms - -[0m
[0mGET /css/mdb.min.css.map [33m404[0m 7.945 ms - 158[0m
[0mGET /users/mailservices [36m304[0m 21.779 ms - -[0m
[0mGET /css/mdb.min.css.map [33m404[0m 4.709 ms - 158[0m
[0mGET /users/mailservices [36m304[0m 14.047 ms - -[0m
[0mGET /css/mdb.min.css.map [33m404[0m 5.024 ms - 158[0m
[0mGET /users/mail/destroy/60d83320ea79aa1b28ccccad [36m302[0m 9.272 ms - 124[0m
[0mGET /users/mailservices [32m200[0m 14.038 ms - 15765[0m
[0mGET /css/mdb.min.css.map [33m404[0m 4.591 ms - 158[0m
[0mGET / [36m304[0m 8.208 ms - -[0m
[0mGET /img/svg/arrow_left.svg [33m404[0m 10.495 ms - 161[0m
[0mGET /img/svg/arrow_right.svg [33m404[0m 9.011 ms - 162[0m
[0mGET /users/SignOut [36m302[0m 7.169 ms - 46[0m
[0mGET / [32m200[0m 5.369 ms - 20134[0m
[0mGET /img/svg/arrow_left.svg [33m404[0m 3.098 ms - 161[0m
[0mGET /img/svg/arrow_right.svg [33m404[0m 5.213 ms - 162[0m
[0mGET /users/mailservices [36m302[0m 2.193 ms - 70[0m
[0mGET /users/signIn [36m304[0m 5.993 ms - -[0m
[0mGET /users/signIn [36m304[0m 11.399 ms - -[0m
[0mPOST /users/create_session [36m302[0m 9.380 ms - 46[0m
[0mGET / [32m200[0m 9.048 ms - 19839[0m
[0mGET /img/svg/arrow_left.svg [33m404[0m 6.586 ms - 161[0m
[0mGET /img/svg/arrow_right.svg [33m404[0m 10.673 ms - 162[0m
[0mGET /users/mailservices [32m200[0m 17.968 ms - 15571[0m
[0mGET /users/mail/60d83373ea79aa1b28ccccae [32m200[0m 18.195 ms - 33525[0m
[0mGET /users/mail/60d833baea79aa1b28ccccaf [32m200[0m 17.550 ms - 33525[0m
[0mGET /users/mail/60d83320ea79aa1b28ccccad [32m200[0m 16.311 ms - 33525[0m
[0mGET /users/mailservices [32m200[0m 13.894 ms - 15571[0m
[0mGET /users/signIn [36m302[0m 4.761 ms - 46[0m
[0mGET / [32m200[0m 12.369 ms - 19839[0m
[0mGET /img/svg/arrow_left.svg [33m404[0m 7.382 ms - 161[0m
[0mGET /img/svg/arrow_right.svg [33m404[0m 9.651 ms - 162[0m
[0mGET /users/mailservices [36m304[0m 18.272 ms - -[0m
[0mGET /users/SignOut [36m302[0m 6.746 ms - 46[0m
[0mGET / [32m200[0m 4.956 ms - 20140[0m
[0mGET /users/signIn [32m200[0m 8.356 ms - 3550[0m
[0mGET /users/forgotPasswordEnterMail [36m304[0m 7.335 ms - -[0m
[0mPOST /users/reset-password [36m302[0m 17.883 ms - 146[0m
[0mGET /users/forgotPasswordEnterMail [32m200[0m 10.453 ms - 2580[0m
[0mGET /users/reset-password/b6baad3814d4828dafdcf2e48a2de8f1cbda9515 [32m200[0m 29.164 ms - 3527[0m
[0mPOST /users/set-new-password [36m302[0m 13.303 ms - 70[0m
[0mGET /users/signIn [32m200[0m 5.315 ms - 3775[0m
[0mPOST /users/set-new-password [36m302[0m 14.260 ms - 70[0m
[0mGET /users/signIn [36m304[0m 5.767 ms - -[0m
[0mPOST /users/set-new-password [36m302[0m 12.348 ms - 70[0m
[0mGET /users/signIn [36m304[0m 4.292 ms - -[0m
[0mGET /users/reset-password/b6baad3814d4828dafdcf2e48a2de8f1cbda9515 [36m304[0m 15.951 ms - -[0m
[0mPOST /users/set-new-password [36m302[0m 11.943 ms - 70[0m
[0mGET /users/signIn [36m304[0m 5.409 ms - -[0m
[0mGET /users/reset-password/b6baad3814d4828dafdcf2e48a2de8f1cbda9515 [36m304[0m 13.523 ms - -[0m
